#
# A fatal error has been detected by the Java Runtime Environment:
#
#  EXCEPTION_ACCESS_VIOLATION (0xc0000005) at pc=0x000000006efb7b2f, pid=76436, tid=75356
#
# JRE version: Java(TM) SE Runtime Environment (9.0+11) (build 9.0.4+11)
# Java VM: Java HotSpot(TM) 64-Bit Server VM (9.0.4+11, mixed mode, tiered, compressed oops, g1 gc, windows-amd64)
# Problematic frame:
# V  [jvm.dll+0x217b2f]
#
# No core dump will be written. Minidumps are not enabled by default on client versions of Windows
#
# If you would like to submit a bug report, please visit:
#   http://bugreport.java.com/bugreport/crash.jsp
#

---------------  S U M M A R Y ------------

Command Line: -agentlib:jdwp=transport=dt_socket,suspend=y,address=localhost:51181 -ea -Dfile.encoding=Cp1252 org.testng.remote.RemoteTestNG -serport 51180 -protocol json -d C:\Users\rmalik\eclipse-workspace\XRMSelenium\XRMFunctional\test-output C:\Users\rmalik\AppData\Local\Temp\testng-eclipse-962819447\testng-customsuite.xml

Host: Intel(R) Core(TM) i5-3210M CPU @ 2.50GHz, 4 cores, 5G,  Windows 10 , 64 bit Build 18362 (10.0.18362.329)
Time: Wed Dec 18 07:18:44 2019 Eastern Standard Time elapsed time: 177448 seconds (2d 1h 17m 28s)

---------------  T H R E A D  ---------------

Current thread (0x000002a376c9b800):  VMThread "VM Thread" [stack: 0x000000b37dc00000,0x000000b37dd00000] [id=75356]

Stack: [0x000000b37dc00000,0x000000b37dd00000],  sp=0x000000b37dcfecb8,  free space=1019k
Native frames: (J=compiled Java code, j=interpreted, Vv=VM code, C=native code)
V  [jvm.dll+0x217b2f]


siginfo: EXCEPTION_ACCESS_VIOLATION (0xc0000005), reading address 0x000002a37972f9e8


Register to memory mapping:

RIP=0x000000006efb7b2f jvm.dll
RAX=0x0000000000194220 is an unknown value
RBX=0x0000000000000000 is an unknown value
RCX=0x000002a37959b7b8 is pointing into metadata
RDX=0x000000000000ca11 is an unknown value
RSP=0x000000b37dcfecb8 is an unknown value
RBP=0x000000b37dcff210 is an unknown value
RSI=0x000000b37dcff3a0 is an unknown value
RDI=0x000000b37dcff3a0 is an unknown value
R8 =0x0000000000000000 is an unknown value
R9 =0x000002a37959aed0 is pointing into metadata
R10=0x0000000000000300 is an unknown value
R11=0x000002a377632128 is an unknown value
R12=0x000000b37dcff501 is an unknown value
R13=0x0000000000000000 is an unknown value
R14=0x0000000000000015 is an unknown value
R15=0x0000000000000348 is an unknown value


Registers:
RAX=0x0000000000194220, RBX=0x0000000000000000, RCX=0x000002a37959b7b8, RDX=0x000000000000ca11
RSP=0x000000b37dcfecb8, RBP=0x000000b37dcff210, RSI=0x000000b37dcff3a0, RDI=0x000000b37dcff3a0
R8 =0x0000000000000000, R9 =0x000002a37959aed0, R10=0x0000000000000300, R11=0x000002a377632128
R12=0x000000b37dcff501, R13=0x0000000000000000, R14=0x0000000000000015, R15=0x0000000000000348
RIP=0x000000006efb7b2f, EFLAGS=0x0000000000010202

Top of Stack: (sp=0x000000b37dcfecb8)
0x000000b37dcfecb8:   000000006f0940a0 0000000000000000
0x000000b37dcfecc8:   000000b37dcff3a0 00000000000003fe
0x000000b37dcfecd8:   000002a354d90000 000000b37dcfefb9
0x000000b37dcfece8:   00007ffcca6a6139 000000006f53ca20
0x000000b37dcfecf8:   000002a376358020 0000000000000014
0x000000b37dcfed08:   000002a30000000e 000000b37dcfed30
0x000000b37dcfed18:   000002a300000002 0000000000000000
0x000000b37dcfed28:   00007ffcca69d40f 4fffffff4fffffff
0x000000b37dcfed38:   000000b34fffffff 000002a37708a590
0x000000b37dcfed48:   00000000000007ff 00000000000003fe
0x000000b37dcfed58:   00000000000003fe 0000000154dc3b00
0x000000b37dcfed68:   0000000000000000 0000000076c55400
0x000000b37dcfed78:   000002a377086590 0000000000800009
0x000000b37dcfed88:   0000000000000010 000000000000037e
0x000000b37dcfed98:   000002a377086580 000002a354d9f700
0x000000b37dcfeda8:   00000000000003fe 000002a377086580 

Instructions: (pc=0x000000006efb7b2f)
0x000000006efb7b0f:   74 3e 85 d2 79 13 f7 d2 48 63 c2 48 c1 e0 05 48
0x000000006efb7b1f:   8b 44 08 10 0f b7 c0 eb 12 48 63 c2 48 c1 e0 05
0x000000006efb7b2f:   48 8b 44 08 10 0f b7 d0 48 63 c2 41 0f b7 4c c1
0x000000006efb7b3f:   4a 48 63 c1 41 0f b7 44 c1 4a 49 8b 44 c1 48 c3 


VM_Operation (0x000000b37e6ff300): GetOrSetLocal, mode: safepoint, requested by thread 0x000002a377019000


---------------  P R O C E S S  ---------------

Java Threads: ( => current thread )
  0x000002a377873000 JavaThread "ReaderThread" [_thread_in_native, id=50480, stack(0x000000b37ec00000,0x000000b37ed00000)]
  0x000002a377026000 JavaThread "Service Thread" daemon [_thread_blocked, id=74572, stack(0x000000b37e900000,0x000000b37ea00000)]
  0x000002a37701a800 JavaThread "JDWP Command Reader" daemon [_thread_in_native, id=68772, stack(0x000000b37e800000,0x000000b37e900000)]
  0x000002a377019800 JavaThread "JDWP Event Helper Thread" daemon [_thread_blocked, id=69516, stack(0x000000b37e700000,0x000000b37e800000)]
  0x000002a377019000 JavaThread "JDWP Transport Listener: dt_socket" daemon [_thread_blocked, id=67856, stack(0x000000b37e600000,0x000000b37e700000)]
  0x000002a376db1000 JavaThread "Common-Cleaner" daemon [_thread_blocked, id=78476, stack(0x000000b37e500000,0x000000b37e600000)]
  0x000002a376d87800 JavaThread "Sweeper thread" daemon [_thread_blocked, id=52052, stack(0x000000b37e400000,0x000000b37e500000)]
  0x000002a376d56000 JavaThread "C1 CompilerThread2" daemon [_thread_blocked, id=68928, stack(0x000000b37e300000,0x000000b37e400000)]
  0x000002a376d11800 JavaThread "C2 CompilerThread1" daemon [_thread_blocked, id=75128, stack(0x000000b37e200000,0x000000b37e300000)]
  0x000002a376d09000 JavaThread "C2 CompilerThread0" daemon [_thread_blocked, id=77256, stack(0x000000b37e100000,0x000000b37e200000)]
  0x000002a376d08800 JavaThread "Attach Listener" daemon [_thread_blocked, id=75404, stack(0x000000b37e000000,0x000000b37e100000)]
  0x000002a376d07800 JavaThread "Signal Dispatcher" daemon [_thread_blocked, id=76276, stack(0x000000b37df00000,0x000000b37e000000)]
  0x000002a376cb1800 JavaThread "Finalizer" daemon [_thread_blocked, id=77904, stack(0x000000b37de00000,0x000000b37df00000)]
  0x000002a376c9e800 JavaThread "Reference Handler" daemon [_thread_blocked, id=23920, stack(0x000000b37dd00000,0x000000b37de00000)]
  0x000002a354de2000 JavaThread "main" [_thread_blocked, id=74108, stack(0x000000b37d000000,0x000000b37d100000)]

Other Threads:
=>0x000002a376c9b800 VMThread "VM Thread" [stack: 0x000000b37dc00000,0x000000b37dd00000] [id=75356]
  0x000002a377028800 WatcherThread [stack: 0x000000b37ea00000,0x000000b37eb00000] [id=73940]
  0x000002a354df9800 GCTaskThread "GC Thread#0" [stack: 0x000000b37d100000,0x000000b37d200000] [id=75580]
  0x000002a354dfb000 GCTaskThread "GC Thread#1" [stack: 0x000000b37d200000,0x000000b37d300000] [id=3632]
  0x000002a354dfe000 GCTaskThread "GC Thread#2" [stack: 0x000000b37d300000,0x000000b37d400000] [id=74308]
  0x000002a354e00800 GCTaskThread "GC Thread#3" [stack: 0x000000b37d400000,0x000000b37d500000] [id=78388]
  0x000002a354e5f800 ConcurrentGCThread "G1 Main Marker" [stack: 0x000000b37da00000,0x000000b37db00000] [id=66156]
  0x000002a354e62800 ConcurrentGCThread "G1 Marker#0" [stack: 0x000000b37db00000,0x000000b37dc00000] [id=75792]
  0x000002a354e10800 ConcurrentGCThread "G1 Refine#0" [stack: 0x000000b37d800000,0x000000b37d900000] [id=70676]
  0x000002a354e0f800 ConcurrentGCThread "G1 Refine#1" [stack: 0x000000b37d700000,0x000000b37d800000] [id=66568]
  0x000002a354e0a800 ConcurrentGCThread "G1 Refine#2" [stack: 0x000000b37d600000,0x000000b37d700000] [id=77064]
  0x000002a354e0a000 ConcurrentGCThread "G1 Refine#3" [stack: 0x000000b37d500000,0x000000b37d600000] [id=78332]
  0x000002a354e12000 ConcurrentGCThread "G1 Young RemSet Sampling" [stack: 0x000000b37d900000,0x000000b37da00000] [id=76696]

Threads with active compile tasks:

VM state:at safepoint (normal execution)

VM Mutex/Monitor currently owned by a thread:  ([mutex/lock_event])
[0x000002a354de0af0] Threads_lock - owner thread: 0x000002a376c9b800

Heap address: 0x00000000a1c00000, size: 1508 MB, Compressed Oops mode: 32-bit
Narrow klass base: 0x0000000000000000, Narrow klass shift: 3
Compressed class space size: 1073741824 Address: 0x0000000100000000

Heap:
 garbage-first heap   total 98304K, used 16920K [0x00000000a1c00000, 0x00000000a1d00300, 0x0000000100000000)
  region size 1024K, 13 young (13312K), 2 survivors (2048K)
 Metaspace       used 16264K, capacity 16680K, committed 16896K, reserved 1064960K
  class space    used 1616K, capacity 1693K, committed 1792K, reserved 1048576K
Heap Regions: E=young(eden), S=young(survivor), O=old, HS=humongous(starts), HC=humongous(continues), CS=collection set, F=free, A=archive, TS=gc time stamp, AC=allocation context, TAMS=top-at-mark-start (previous, next)
|   0|0x00000000a1c00000, 0x00000000a1d00000, 0x00000000a1d00000|100%| O|  |TS  1|AC  0|TAMS 0x00000000a1c00000, 0x00000000a1c00000|
|   1|0x00000000a1d00000, 0x00000000a1e00000, 0x00000000a1e00000|100%| O|  |TS  1|AC  0|TAMS 0x00000000a1d00000, 0x00000000a1d00000|
|   2|0x00000000a1e00000, 0x00000000a1f00000, 0x00000000a1f00000|100%| O|  |TS  3|AC  0|TAMS 0x00000000a1e00000, 0x00000000a1e00000|
|   3|0x00000000a1f00000, 0x00000000a2000000, 0x00000000a2000000|100%| O|  |TS  3|AC  0|TAMS 0x00000000a1f00000, 0x00000000a1f00000|
|   4|0x00000000a2000000, 0x00000000a20bce00, 0x00000000a2100000| 73%| O|  |TS  3|AC  0|TAMS 0x00000000a2000000, 0x00000000a2000000|
|   5|0x00000000a2100000, 0x00000000a2100000, 0x00000000a2200000|  0%| F|  |TS  0|AC  0|TAMS 0x00000000a2100000, 0x00000000a2100000|
|   6|0x00000000a2200000, 0x00000000a2200000, 0x00000000a2300000|  0%| F|  |TS  0|AC  0|TAMS 0x00000000a2200000, 0x00000000a2200000|
|   7|0x00000000a2300000, 0x00000000a2300000, 0x00000000a2400000|  0%| F|  |TS  0|AC  0|TAMS 0x00000000a2300000, 0x00000000a2300000|
|   8|0x00000000a2400000, 0x00000000a2400000, 0x00000000a2500000|  0%| F|  |TS  0|AC  0|TAMS 0x00000000a2400000, 0x00000000a2400000|
|   9|0x00000000a2500000, 0x00000000a2500000, 0x00000000a2600000|  0%| F|  |TS  0|AC  0|TAMS 0x00000000a2500000, 0x00000000a2500000|
|  10|0x00000000a2600000, 0x00000000a2600000, 0x00000000a2700000|  0%| F|  |TS  0|AC  0|TAMS 0x00000000a2600000, 0x00000000a2600000|
|  11|0x00000000a2700000, 0x00000000a2700000, 0x00000000a2800000|  0%| F|  |TS  0|AC  0|TAMS 0x00000000a2700000, 0x00000000a2700000|
|  12|0x00000000a2800000, 0x00000000a2800000, 0x00000000a2900000|  0%| F|  |TS  0|AC  0|TAMS 0x00000000a2800000, 0x00000000a2800000|
|  13|0x00000000a2900000, 0x00000000a2900000, 0x00000000a2a00000|  0%| F|  |TS  0|AC  0|TAMS 0x00000000a2900000, 0x00000000a2900000|
|  14|0x00000000a2a00000, 0x00000000a2a00000, 0x00000000a2b00000|  0%| F|  |TS  0|AC  0|TAMS 0x00000000a2a00000, 0x00000000a2a00000|
|  15|0x00000000a2b00000, 0x00000000a2b00000, 0x00000000a2c00000|  0%| F|  |TS  0|AC  0|TAMS 0x00000000a2b00000, 0x00000000a2b00000|
|  16|0x00000000a2c00000, 0x00000000a2c00000, 0x00000000a2d00000|  0%| F|  |TS  0|AC  0|TAMS 0x00000000a2c00000, 0x00000000a2c00000|
|  17|0x00000000a2d00000, 0x00000000a2d00000, 0x00000000a2e00000|  0%| F|  |TS  0|AC  0|TAMS 0x00000000a2d00000, 0x00000000a2d00000|
|  18|0x00000000a2e00000, 0x00000000a2e00000, 0x00000000a2f00000|  0%| F|  |TS  0|AC  0|TAMS 0x00000000a2e00000, 0x00000000a2e00000|
|  19|0x00000000a2f00000, 0x00000000a2f00000, 0x00000000a3000000|  0%| F|  |TS  0|AC  0|TAMS 0x00000000a2f00000, 0x00000000a2f00000|
|  20|0x00000000a3000000, 0x00000000a3000000, 0x00000000a3100000|  0%| F|  |TS  0|AC  0|TAMS 0x00000000a3000000, 0x00000000a3000000|
|  21|0x00000000a3100000, 0x00000000a3100000, 0x00000000a3200000|  0%| F|  |TS  0|AC  0|TAMS 0x00000000a3100000, 0x00000000a3100000|
|  22|0x00000000a3200000, 0x00000000a3200000, 0x00000000a3300000|  0%| F|  |TS  0|AC  0|TAMS 0x00000000a3200000, 0x00000000a3200000|
|  23|0x00000000a3300000, 0x00000000a3300000, 0x00000000a3400000|  0%| F|  |TS  0|AC  0|TAMS 0x00000000a3300000, 0x00000000a3300000|
|  24|0x00000000a3400000, 0x00000000a3400000, 0x00000000a3500000|  0%| F|  |TS  0|AC  0|TAMS 0x00000000a3400000, 0x00000000a3400000|
|  25|0x00000000a3500000, 0x00000000a3500000, 0x00000000a3600000|  0%| F|  |TS  0|AC  0|TAMS 0x00000000a3500000, 0x00000000a3500000|
|  26|0x00000000a3600000, 0x00000000a3600000, 0x00000000a3700000|  0%| F|  |TS  0|AC  0|TAMS 0x00000000a3600000, 0x00000000a3600000|
|  27|0x00000000a3700000, 0x00000000a3700000, 0x00000000a3800000|  0%| F|  |TS  0|AC  0|TAMS 0x00000000a3700000, 0x00000000a3700000|
|  28|0x00000000a3800000, 0x00000000a3800000, 0x00000000a3900000|  0%| F|  |TS  0|AC  0|TAMS 0x00000000a3800000, 0x00000000a3800000|
|  29|0x00000000a3900000, 0x00000000a3900000, 0x00000000a3a00000|  0%| F|  |TS  0|AC  0|TAMS 0x00000000a3900000, 0x00000000a3900000|
|  30|0x00000000a3a00000, 0x00000000a3a00000, 0x00000000a3b00000|  0%| F|  |TS  0|AC  0|TAMS 0x00000000a3a00000, 0x00000000a3a00000|
|  31|0x00000000a3b00000, 0x00000000a3b00000, 0x00000000a3c00000|  0%| F|  |TS  0|AC  0|TAMS 0x00000000a3b00000, 0x00000000a3b00000|
|  32|0x00000000a3c00000, 0x00000000a3c00000, 0x00000000a3d00000|  0%| F|  |TS  0|AC  0|TAMS 0x00000000a3c00000, 0x00000000a3c00000|
|  33|0x00000000a3d00000, 0x00000000a3d00000, 0x00000000a3e00000|  0%| F|  |TS  0|AC  0|TAMS 0x00000000a3d00000, 0x00000000a3d00000|
|  34|0x00000000a3e00000, 0x00000000a3e00000, 0x00000000a3f00000|  0%| F|  |TS  0|AC  0|TAMS 0x00000000a3e00000, 0x00000000a3e00000|
|  35|0x00000000a3f00000, 0x00000000a3f00000, 0x00000000a4000000|  0%| F|  |TS  0|AC  0|TAMS 0x00000000a3f00000, 0x00000000a3f00000|
|  36|0x00000000a4000000, 0x00000000a4000000, 0x00000000a4100000|  0%| F|  |TS  0|AC  0|TAMS 0x00000000a4000000, 0x00000000a4000000|
|  37|0x00000000a4100000, 0x00000000a4100000, 0x00000000a4200000|  0%| F|  |TS  0|AC  0|TAMS 0x00000000a4100000, 0x00000000a4100000|
|  38|0x00000000a4200000, 0x00000000a4200000, 0x00000000a4300000|  0%| F|  |TS  0|AC  0|TAMS 0x00000000a4200000, 0x00000000a4200000|
|  39|0x00000000a4300000, 0x00000000a4300000, 0x00000000a4400000|  0%| F|  |TS  0|AC  0|TAMS 0x00000000a4300000, 0x00000000a4300000|
|  40|0x00000000a4400000, 0x00000000a4400000, 0x00000000a4500000|  0%| F|  |TS  0|AC  0|TAMS 0x00000000a4400000, 0x00000000a4400000|
|  41|0x00000000a4500000, 0x00000000a4500000, 0x00000000a4600000|  0%| F|  |TS  0|AC  0|TAMS 0x00000000a4500000, 0x00000000a4500000|
|  42|0x00000000a4600000, 0x00000000a4600000, 0x00000000a4700000|  0%| F|  |TS  0|AC  0|TAMS 0x00000000a4600000, 0x00000000a4600000|
|  43|0x00000000a4700000, 0x00000000a4700000, 0x00000000a4800000|  0%| F|  |TS  0|AC  0|TAMS 0x00000000a4700000, 0x00000000a4700000|
|  44|0x00000000a4800000, 0x00000000a4800000, 0x00000000a4900000|  0%| F|  |TS  0|AC  0|TAMS 0x00000000a4800000, 0x00000000a4800000|
|  45|0x00000000a4900000, 0x00000000a4900000, 0x00000000a4a00000|  0%| F|  |TS  0|AC  0|TAMS 0x00000000a4900000, 0x00000000a4900000|
|  46|0x00000000a4a00000, 0x00000000a4a00000, 0x00000000a4b00000|  0%| F|  |TS  0|AC  0|TAMS 0x00000000a4a00000, 0x00000000a4a00000|
|  47|0x00000000a4b00000, 0x00000000a4b00000, 0x00000000a4c00000|  0%| F|  |TS  0|AC  0|TAMS 0x00000000a4b00000, 0x00000000a4b00000|
|  48|0x00000000a4c00000, 0x00000000a4c00000, 0x00000000a4d00000|  0%| F|  |TS  0|AC  0|TAMS 0x00000000a4c00000, 0x00000000a4c00000|
|  49|0x00000000a4d00000, 0x00000000a4d00000, 0x00000000a4e00000|  0%| F|  |TS  0|AC  0|TAMS 0x00000000a4d00000, 0x00000000a4d00000|
|  50|0x00000000a4e00000, 0x00000000a4e00000, 0x00000000a4f00000|  0%| F|  |TS  0|AC  0|TAMS 0x00000000a4e00000, 0x00000000a4e00000|
|  51|0x00000000a4f00000, 0x00000000a4f00000, 0x00000000a5000000|  0%| F|  |TS  0|AC  0|TAMS 0x00000000a4f00000, 0x00000000a4f00000|
|  52|0x00000000a5000000, 0x00000000a5000000, 0x00000000a5100000|  0%| F|  |TS  0|AC  0|TAMS 0x00000000a5000000, 0x00000000a5000000|
|  53|0x00000000a5100000, 0x00000000a5100000, 0x00000000a5200000|  0%| F|  |TS  0|AC  0|TAMS 0x00000000a5100000, 0x00000000a5100000|
|  54|0x00000000a5200000, 0x00000000a5200000, 0x00000000a5300000|  0%| F|  |TS  0|AC  0|TAMS 0x00000000a5200000, 0x00000000a5200000|
|  55|0x00000000a5300000, 0x00000000a5300000, 0x00000000a5400000|  0%| F|  |TS  0|AC  0|TAMS 0x00000000a5300000, 0x00000000a5300000|
|  56|0x00000000a5400000, 0x00000000a5400000, 0x00000000a5500000|  0%| F|  |TS  0|AC  0|TAMS 0x00000000a5400000, 0x00000000a5400000|
|  57|0x00000000a5500000, 0x00000000a5500000, 0x00000000a5600000|  0%| F|  |TS  0|AC  0|TAMS 0x00000000a5500000, 0x00000000a5500000|
|  58|0x00000000a5600000, 0x00000000a5600000, 0x00000000a5700000|  0%| F|  |TS  0|AC  0|TAMS 0x00000000a5600000, 0x00000000a5600000|
|  59|0x00000000a5700000, 0x00000000a5700000, 0x00000000a5800000|  0%| F|  |TS  0|AC  0|TAMS 0x00000000a5700000, 0x00000000a5700000|
|  60|0x00000000a5800000, 0x00000000a5800000, 0x00000000a5900000|  0%| F|  |TS  0|AC  0|TAMS 0x00000000a5800000, 0x00000000a5800000|
|  61|0x00000000a5900000, 0x00000000a5900000, 0x00000000a5a00000|  0%| F|  |TS  0|AC  0|TAMS 0x00000000a5900000, 0x00000000a5900000|
|  62|0x00000000a5a00000, 0x00000000a5a00000, 0x00000000a5b00000|  0%| F|  |TS  0|AC  0|TAMS 0x00000000a5a00000, 0x00000000a5a00000|
|  63|0x00000000a5b00000, 0x00000000a5b00000, 0x00000000a5c00000|  0%| F|  |TS  0|AC  0|TAMS 0x00000000a5b00000, 0x00000000a5b00000|
|  64|0x00000000a5c00000, 0x00000000a5c00000, 0x00000000a5d00000|  0%| F|  |TS  0|AC  0|TAMS 0x00000000a5c00000, 0x00000000a5c00000|
|  65|0x00000000a5d00000, 0x00000000a5d00000, 0x00000000a5e00000|  0%| F|  |TS  0|AC  0|TAMS 0x00000000a5d00000, 0x00000000a5d00000|
|  66|0x00000000a5e00000, 0x00000000a5e00000, 0x00000000a5f00000|  0%| F|  |TS  0|AC  0|TAMS 0x00000000a5e00000, 0x00000000a5e00000|
|  67|0x00000000a5f00000, 0x00000000a5f00000, 0x00000000a6000000|  0%| F|  |TS  0|AC  0|TAMS 0x00000000a5f00000, 0x00000000a5f00000|
|  68|0x00000000a6000000, 0x00000000a6000000, 0x00000000a6100000|  0%| F|  |TS  0|AC  0|TAMS 0x00000000a6000000, 0x00000000a6000000|
|  69|0x00000000a6100000, 0x00000000a6100000, 0x00000000a6200000|  0%| F|  |TS  0|AC  0|TAMS 0x00000000a6100000, 0x00000000a6100000|
|  70|0x00000000a6200000, 0x00000000a6200000, 0x00000000a6300000|  0%| F|  |TS  0|AC  0|TAMS 0x00000000a6200000, 0x00000000a6200000|
|  71|0x00000000a6300000, 0x00000000a6300000, 0x00000000a6400000|  0%| F|  |TS  0|AC  0|TAMS 0x00000000a6300000, 0x00000000a6300000|
|  72|0x00000000a6400000, 0x00000000a6400000, 0x00000000a6500000|  0%| F|  |TS  0|AC  0|TAMS 0x00000000a6400000, 0x00000000a6400000|
|  73|0x00000000a6500000, 0x00000000a6500000, 0x00000000a6600000|  0%| F|  |TS  0|AC  0|TAMS 0x00000000a6500000, 0x00000000a6500000|
|  74|0x00000000a6600000, 0x00000000a6600000, 0x00000000a6700000|  0%| F|  |TS  0|AC  0|TAMS 0x00000000a6600000, 0x00000000a6600000|
|  75|0x00000000a6700000, 0x00000000a6700000, 0x00000000a6800000|  0%| F|  |TS  0|AC  0|TAMS 0x00000000a6700000, 0x00000000a6700000|
|  76|0x00000000a6800000, 0x00000000a6800000, 0x00000000a6900000|  0%| F|  |TS  0|AC  0|TAMS 0x00000000a6800000, 0x00000000a6800000|
|  77|0x00000000a6900000, 0x00000000a6900000, 0x00000000a6a00000|  0%| F|  |TS  0|AC  0|TAMS 0x00000000a6900000, 0x00000000a6900000|
|  78|0x00000000a6a00000, 0x00000000a6a00000, 0x00000000a6b00000|  0%| F|  |TS  0|AC  0|TAMS 0x00000000a6a00000, 0x00000000a6a00000|
|  79|0x00000000a6b00000, 0x00000000a6b00000, 0x00000000a6c00000|  0%| F|  |TS  0|AC  0|TAMS 0x00000000a6b00000, 0x00000000a6b00000|
|  80|0x00000000a6c00000, 0x00000000a6c00000, 0x00000000a6d00000|  0%| F|  |TS  3|AC  0|TAMS 0x00000000a6c00000, 0x00000000a6c00000|
|  81|0x00000000a6d00000, 0x00000000a6d00000, 0x00000000a6e00000|  0%| F|  |TS  3|AC  0|TAMS 0x00000000a6d00000, 0x00000000a6d00000|
|  82|0x00000000a6e00000, 0x00000000a6e00000, 0x00000000a6f00000|  0%| F|  |TS  1|AC  0|TAMS 0x00000000a6e00000, 0x00000000a6e00000|
|  83|0x00000000a6f00000, 0x00000000a7000000, 0x00000000a7000000|100%| E|  |TS  1|AC  0|TAMS 0x00000000a6f00000, 0x00000000a6f00000|
|  84|0x00000000a7000000, 0x00000000a7100000, 0x00000000a7100000|100%| E|CS|TS  1|AC  0|TAMS 0x00000000a7000000, 0x00000000a7000000|
|  85|0x00000000a7100000, 0x00000000a7200000, 0x00000000a7200000|100%| E|CS|TS  1|AC  0|TAMS 0x00000000a7100000, 0x00000000a7100000|
|  86|0x00000000a7200000, 0x00000000a72c9370, 0x00000000a7300000| 78%| S|CS|TS  3|AC  0|TAMS 0x00000000a7200000, 0x00000000a7200000|
|  87|0x00000000a7300000, 0x00000000a7400000, 0x00000000a7400000|100%| S|CS|TS  3|AC  0|TAMS 0x00000000a7300000, 0x00000000a7300000|
|  88|0x00000000a7400000, 0x00000000a7500000, 0x00000000a7500000|100%| E|CS|TS  3|AC  0|TAMS 0x00000000a7400000, 0x00000000a7400000|
|  89|0x00000000a7500000, 0x00000000a7600000, 0x00000000a7600000|100%| E|CS|TS  3|AC  0|TAMS 0x00000000a7500000, 0x00000000a7500000|
|  90|0x00000000a7600000, 0x00000000a7700000, 0x00000000a7700000|100%| E|CS|TS  3|AC  0|TAMS 0x00000000a7600000, 0x00000000a7600000|
|  91|0x00000000a7700000, 0x00000000a7800000, 0x00000000a7800000|100%| E|CS|TS  3|AC  0|TAMS 0x00000000a7700000, 0x00000000a7700000|
|  92|0x00000000a7800000, 0x00000000a7900000, 0x00000000a7900000|100%| E|CS|TS  3|AC  0|TAMS 0x00000000a7800000, 0x00000000a7800000|
|  93|0x00000000a7900000, 0x00000000a7a00000, 0x00000000a7a00000|100%| E|CS|TS  3|AC  0|TAMS 0x00000000a7900000, 0x00000000a7900000|
|  94|0x00000000a7a00000, 0x00000000a7b00000, 0x00000000a7b00000|100%| E|CS|TS  3|AC  0|TAMS 0x00000000a7a00000, 0x00000000a7a00000|
|  95|0x00000000a7b00000, 0x00000000a7c00000, 0x00000000a7c00000|100%| E|CS|TS  3|AC  0|TAMS 0x00000000a7b00000, 0x00000000a7b00000|

Card table byte_map: [0x000002a370910000,0x000002a370c10000] byte_map_base: 0x000002a370402000

Marking Bits (Prev, Next): (CMBitMap*) 0x000002a354e5e8f0, (CMBitMap*) 0x000002a354e5e928
 Prev Bits: [0x000002a370f10000, 0x000002a3726a0000)
 Next Bits: [0x000002a3726a0000, 0x000002a373e30000)

Polling page: 0x000002a354ea0000

CodeHeap 'non-profiled nmethods': size=120064Kb used=509Kb max_used=509Kb free=119554Kb
 bounds [0x000002a3688a0000, 0x000002a368b10000, 0x000002a36fde0000]
CodeHeap 'profiled nmethods': size=120000Kb used=2859Kb max_used=2859Kb free=117140Kb
 bounds [0x000002a361370000, 0x000002a361640000, 0x000002a3688a0000]
CodeHeap 'non-nmethods': size=5696Kb used=1246Kb max_used=1265Kb free=4449Kb
 bounds [0x000002a360de0000, 0x000002a361050000, 0x000002a361370000]
 total_blobs=2128 nmethods=1416 adapters=332
 compilation: enabled

Compilation events (10 events):
Event: 2.234 Thread 0x000002a376d56000 nmethod 1409 0x000002a361639790 code [0x000002a361639960, 0x000002a361639cf0]
Event: 2.234 Thread 0x000002a376d56000 1410       3       org.apache.poi.util.IntMapper::get (11 bytes)
Event: 2.234 Thread 0x000002a376d56000 nmethod 1410 0x000002a361639e90 code [0x000002a36163a040, 0x000002a36163a270]
Event: 2.234 Thread 0x000002a376d56000 1412       1       java.util.TreeMap::access$100 (5 bytes)
Event: 2.234 Thread 0x000002a376d56000 nmethod 1412 0x000002a36891d610 code [0x000002a36891d7c0, 0x000002a36891d8b8]
Event: 2.248 Thread 0x000002a376d09000 nmethod 1382 0x000002a36891d990 code [0x000002a36891db40, 0x000002a36891e558]
Event: 70629.168 Thread 0x000002a376d56000 1415   !   3       jdk.internal.ref.PhantomCleanable::isListEmpty (34 bytes)
Event: 70629.385 Thread 0x000002a376d56000 nmethod 1415 0x000002a36163a390 code [0x000002a36163a540, 0x000002a36163a898]
Event: 70629.397 Thread 0x000002a376d56000 1416       3       jdk.internal.misc.InnocuousThread::eraseThreadLocals (23 bytes)
Event: 70629.474 Thread 0x000002a376d56000 nmethod 1416 0x000002a36163aa10 code [0x000002a36163abc0, 0x000002a36163ae18]

GC Heap History (4 events):
Event: 1.427 GC heap before
{Heap before GC invocations=0 (full 0):
 garbage-first heap   total 98304K, used 14336K [0x00000000a1c00000, 0x00000000a1d00300, 0x0000000100000000)
  region size 1024K, 14 young (14336K), 0 survivors (0K)
 Metaspace       used 12063K, capacity 12452K, committed 12544K, reserved 1060864K
  class space    used 1184K, capacity 1266K, committed 1280K, reserved 1048576K
}
Event: 1.434 GC heap after
{Heap after GC invocations=1 (full 0):
 garbage-first heap   total 98304K, used 4879K [0x00000000a1c00000, 0x00000000a1d00300, 0x0000000100000000)
  region size 1024K, 2 young (2048K), 2 survivors (2048K)
 Metaspace       used 12063K, capacity 12452K, committed 12544K, reserved 1060864K
  class space    used 1184K, capacity 1266K, committed 1280K, reserved 1048576K
}
Event: 1.707 GC heap before
{Heap before GC invocations=1 (full 0):
 garbage-first heap   total 98304K, used 13071K [0x00000000a1c00000, 0x00000000a1d00300, 0x0000000100000000)
  region size 1024K, 10 young (10240K), 2 survivors (2048K)
 Metaspace       used 14108K, capacity 14442K, committed 14592K, reserved 1062912K
  class space    used 1417K, capacity 1501K, committed 1536K, reserved 1048576K
}
Event: 1.713 GC heap after
{Heap after GC invocations=2 (full 0):
 garbage-first heap   total 98304K, used 6680K [0x00000000a1c00000, 0x00000000a1d00300, 0x0000000100000000)
  region size 1024K, 2 young (2048K), 2 survivors (2048K)
 Metaspace       used 14108K, capacity 14442K, committed 14592K, reserved 1062912K
  class space    used 1417K, capacity 1501K, committed 1536K, reserved 1048576K
}

Deoptimization events (10 events):
Event: 0.607 Thread 0x000002a354de2000 Uncommon trap: reason=bimorphic_or_optimized_type_check action=maybe_recompile pc=0x000002a3688be42c method=java.util.HashMap.getNode(ILjava/lang/Object;)Ljava/util/HashMap$Node; @ 59 c2
Event: 0.662 Thread 0x000002a354de2000 Uncommon trap: reason=unstable_if action=reinterpret pc=0x000002a3688c9900 method=java.io.WinNTFileSystem.isSlash(C)Z @ 9 c2
Event: 0.663 Thread 0x000002a354de2000 Uncommon trap: reason=bimorphic_or_optimized_type_check action=maybe_recompile pc=0x000002a3688be42c method=java.util.HashMap.getNode(ILjava/lang/Object;)Ljava/util/HashMap$Node; @ 59 c2
Event: 0.754 Thread 0x000002a354de2000 Uncommon trap: reason=unstable_if action=reinterpret pc=0x000002a3688a6a00 method=java.net.URI.match(CJJ)Z @ 45 c2
Event: 0.904 Thread 0x000002a354de2000 Uncommon trap: reason=unstable_if action=reinterpret pc=0x000002a3688c2830 method=java.lang.String.startsWith(Ljava/lang/String;I)Z @ 1 c2
Event: 1.629 Thread 0x000002a354de2000 Uncommon trap: reason=unstable_if action=reinterpret pc=0x000002a3688d15c4 method=java.lang.AbstractStringBuilder.append(Ljava/lang/String;)Ljava/lang/AbstractStringBuilder; @ 1 c2
Event: 1.919 Thread 0x000002a354de2000 Uncommon trap: reason=unstable_if action=reinterpret pc=0x000002a3688e418c method=java.util.HashMap.putVal(ILjava/lang/Object;Ljava/lang/Object;ZZ)Ljava/lang/Object; @ 162 c2
Event: 1.920 Thread 0x000002a354de2000 Uncommon trap: reason=unstable_if action=reinterpret pc=0x000002a3688cfc68 method=java.util.HashMap.getNode(ILjava/lang/Object;)Ljava/util/HashMap$Node; @ 84 c2
Event: 2.033 Thread 0x000002a354de2000 Uncommon trap: reason=unstable_if action=reinterpret pc=0x000002a3688f3028 method=java.lang.StringUTF16.compress([CI[BII)I @ 20 c2
Event: 2.195 Thread 0x000002a354de2000 Uncommon trap: reason=unstable_if action=reinterpret pc=0x000002a36891305c method=org.apache.poi.poifs.filesystem.DocumentInputStream.readFully([BII)V @ 32 c2

Classes redefined (2 events):
Event: 1950.513 Thread 0x000002a376c9b800 redefined class name=com.acro.xrm.utils.Command, count=1
Event: 177444.113 Thread 0x000002a376c9b800 redefined class name=com.acro.xrm.utils.ExcelReader, count=1

Internal exceptions (10 events):
Event: 0.828 Thread 0x000002a354de2000 Exception <a 'java/lang/NoSuchMethodError'{0x00000000a73ba620}: method resolution failed> (0x00000000a73ba620) thrown at [t:/workspace/hotspot/src/share/vm/prims/methodHandles.cpp, line 1256]
Event: 0.832 Thread 0x000002a354de2000 Exception <a 'java/lang/NoSuchMethodError'{0x00000000a73d2c88}: method resolution failed> (0x00000000a73d2c88) thrown at [t:/workspace/hotspot/src/share/vm/prims/methodHandles.cpp, line 1256]
Event: 0.911 Thread 0x000002a354de2000 Exception <a 'java/lang/NoSuchMethodError'{0x00000000a729e350}: method resolution failed> (0x00000000a729e350) thrown at [t:/workspace/hotspot/src/share/vm/prims/methodHandles.cpp, line 1256]
Event: 0.913 Thread 0x000002a354de2000 Exception <a 'java/lang/NoSuchMethodError'{0x00000000a72a1778}: java.lang.invoke.DirectMethodHandle$Holder.invokeStaticInit(Ljava/lang/Object;IIII)Ljava/lang/Object;> (0x00000000a72a1778) thrown at [t:/workspace/hotspot/src/share/vm/interpreter/linkResolv
Event: 1.288 Thread 0x000002a354de2000 Exception <a 'java/lang/NoSuchMethodError'{0x00000000a7161138}: method resolution failed> (0x00000000a7161138) thrown at [t:/workspace/hotspot/src/share/vm/prims/methodHandles.cpp, line 1256]
Event: 1.291 Thread 0x000002a354de2000 Exception <a 'java/lang/NoSuchMethodError'{0x00000000a71647c8}: java.lang.invoke.DirectMethodHandle$Holder.invokeStaticInit(Ljava/lang/Object;Ljava/lang/Object;IIII)Ljava/lang/Object;> (0x00000000a71647c8) thrown at [t:/workspace/hotspot/src/share/vm/inte
Event: 1.591 Thread 0x000002a354de2000 Exception <a 'java/lang/NoSuchMethodError'{0x00000000a7806750}: java.lang.invoke.DirectMethodHandle$Holder.invokeInterface(Ljava/lang/Object;Ljava/lang/Object;)Ljava/lang/Object;> (0x00000000a7806750) thrown at [t:/workspace/hotspot/src/share/vm/interpret
Event: 1.629 Thread 0x000002a354de2000 Implicit null exception at 0x000002a3688d0f77 to 0x000002a3688d15a9
Event: 2.174 Thread 0x000002a354de2000 Exception <a 'java/lang/NoSuchMethodError'{0x00000000a7052c98}: java.lang.Object.lambda$union$1(Ljava/util/regex/Pattern$CharPredicate;I)Z> (0x00000000a7052c98) thrown at [t:/workspace/hotspot/src/share/vm/interpreter/linkResolver.cpp, line 731]
Event: 2.195 Thread 0x000002a354de2000 Implicit null exception at 0x000002a368912959 to 0x000002a368913041

Events (10 events):
Event: 177444.942 Executing VM operation: GetOwnedMonitorInfo done
Event: 177444.943 Executing VM operation: GetCurrentContendedMonitor
Event: 177444.943 Executing VM operation: GetCurrentContendedMonitor done
Event: 177444.944 Executing VM operation: GetCurrentContendedMonitor
Event: 177444.944 Executing VM operation: GetCurrentContendedMonitor done
Event: 177444.945 Executing VM operation: GetOwnedMonitorInfo
Event: 177444.945 Executing VM operation: GetOwnedMonitorInfo done
Event: 177447.815 Executing VM operation: GetFrameLocation
Event: 177447.815 Executing VM operation: GetFrameLocation done
Event: 177447.815 Executing VM operation: GetOrSetLocal


Dynamic libraries:
0x00007ff7c39d0000 - 0x00007ff7c3a0e000 	C:\Program Files\Java\jdk-9.0.4\bin\javaw.exe
0x00007ffcca660000 - 0x00007ffcca850000 	C:\WINDOWS\SYSTEM32\ntdll.dll
0x00007ffcca500000 - 0x00007ffcca5b2000 	C:\WINDOWS\System32\KERNEL32.DLL
0x00007ffcc8460000 - 0x00007ffcc8703000 	C:\WINDOWS\System32\KERNELBASE.dll
0x0000000071be0000 - 0x0000000071c73000 	C:\WINDOWS\System32\SYSFER.DLL
0x00007ffcc98e0000 - 0x00007ffcc9983000 	C:\WINDOWS\System32\ADVAPI32.dll
0x00007ffcca430000 - 0x00007ffcca4ce000 	C:\WINDOWS\System32\msvcrt.dll
0x00007ffcca240000 - 0x00007ffcca2d7000 	C:\WINDOWS\System32\sechost.dll
0x00007ffcc9fc0000 - 0x00007ffcca0e0000 	C:\WINDOWS\System32\RPCRT4.dll
0x00007ffcc8ec0000 - 0x00007ffcc9054000 	C:\WINDOWS\System32\USER32.dll
0x00007ffcc7740000 - 0x00007ffcc7761000 	C:\WINDOWS\System32\win32u.dll
0x00007ffcc8790000 - 0x00007ffcc87b6000 	C:\WINDOWS\System32\GDI32.dll
0x00007ffcc80a0000 - 0x00007ffcc8234000 	C:\WINDOWS\System32\gdi32full.dll
0x00007ffcc7640000 - 0x00007ffcc76de000 	C:\WINDOWS\System32\msvcp_win.dll
0x00007ffcc7820000 - 0x00007ffcc791a000 	C:\WINDOWS\System32\ucrtbase.dll
0x00007ffcb35b0000 - 0x00007ffcb3835000 	C:\WINDOWS\WinSxS\amd64_microsoft.windows.common-controls_6595b64144ccf1df_6.0.18362.535_none_e6c3b34713100821\COMCTL32.dll
0x00007ffcc9c80000 - 0x00007ffcc9fb6000 	C:\WINDOWS\System32\combase.dll
0x00007ffcc77a0000 - 0x00007ffcc7820000 	C:\WINDOWS\System32\bcryptPrimitives.dll
0x00007ffcb8270000 - 0x00007ffcb827a000 	C:\WINDOWS\SYSTEM32\VERSION.dll
0x00007ffcca4d0000 - 0x00007ffcca4fe000 	C:\WINDOWS\System32\IMM32.DLL
0x00007ffcb7d30000 - 0x00007ffcb7e1f000 	C:\Program Files\Java\jdk-9.0.4\bin\msvcr120.dll
0x00007ffcb7c80000 - 0x00007ffcb7d26000 	C:\Program Files\Java\jdk-9.0.4\bin\msvcp120.dll
0x000000006eda0000 - 0x000000006f7c5000 	C:\Program Files\Java\jdk-9.0.4\bin\server\jvm.dll
0x00007ffcc8890000 - 0x00007ffcc8898000 	C:\WINDOWS\System32\PSAPI.DLL
0x00007ffcb7100000 - 0x00007ffcb7109000 	C:\WINDOWS\SYSTEM32\WSOCK32.dll
0x00007ffcc9170000 - 0x00007ffcc91df000 	C:\WINDOWS\System32\WS2_32.dll
0x00007ffcc3730000 - 0x00007ffcc3754000 	C:\WINDOWS\SYSTEM32\WINMM.dll
0x00007ffcc3370000 - 0x00007ffcc339d000 	C:\WINDOWS\SYSTEM32\WINMMBASE.dll
0x00007ffcc75f0000 - 0x00007ffcc763a000 	C:\WINDOWS\System32\cfgmgr32.dll
0x00007ffcb8b30000 - 0x00007ffcb8b3f000 	C:\Program Files\Java\jdk-9.0.4\bin\verify.dll
0x00007ffcb8b00000 - 0x00007ffcb8b27000 	C:\Program Files\Java\jdk-9.0.4\bin\java.dll
0x00007ffcb7c40000 - 0x00007ffcb7c76000 	C:\Program Files\Java\jdk-9.0.4\bin\jdwp.dll
0x00007ffcb8aa0000 - 0x00007ffcb8ab6000 	C:\Program Files\Java\jdk-9.0.4\bin\zip.dll
0x00007ffcb8a30000 - 0x00007ffcb8a3a000 	C:\Program Files\Java\jdk-9.0.4\bin\jimage.dll
0x00007ffcc91e0000 - 0x00007ffcc98c5000 	C:\WINDOWS\System32\SHELL32.dll
0x00007ffcc8d80000 - 0x00007ffcc8e29000 	C:\WINDOWS\System32\shcore.dll
0x00007ffcc7920000 - 0x00007ffcc809f000 	C:\WINDOWS\System32\windows.storage.dll
0x00007ffcc7540000 - 0x00007ffcc755f000 	C:\WINDOWS\System32\profapi.dll
0x00007ffcc7560000 - 0x00007ffcc75aa000 	C:\WINDOWS\System32\powrprof.dll
0x00007ffcc7530000 - 0x00007ffcc7540000 	C:\WINDOWS\System32\UMPDC.dll
0x00007ffcc9110000 - 0x00007ffcc9162000 	C:\WINDOWS\System32\shlwapi.dll
0x00007ffcc75d0000 - 0x00007ffcc75e1000 	C:\WINDOWS\System32\kernel.appcore.dll
0x00007ffcc8240000 - 0x00007ffcc8257000 	C:\WINDOWS\System32\cryptsp.dll
0x00007ffcb7c20000 - 0x00007ffcb7c3a000 	C:\Program Files\Java\jdk-9.0.4\bin\net.dll
0x00007ffcbff20000 - 0x00007ffcc0010000 	C:\WINDOWS\SYSTEM32\WINHTTP.dll
0x00007ffcc6d40000 - 0x00007ffcc6da7000 	C:\WINDOWS\system32\mswsock.dll
0x00007ffcb4d20000 - 0x00007ffcb4d31000 	C:\Program Files\Java\jdk-9.0.4\bin\nio.dll
0x00007ffcb8a20000 - 0x00007ffcb8a2a000 	C:\Program Files\Java\jdk-9.0.4\bin\dt_socket.dll
0x00007ffcc6aa0000 - 0x00007ffcc6b6a000 	C:\WINDOWS\SYSTEM32\DNSAPI.dll
0x00007ffcc98d0000 - 0x00007ffcc98d8000 	C:\WINDOWS\System32\NSI.dll
0x00007ffcc6a50000 - 0x00007ffcc6a8a000 	C:\WINDOWS\SYSTEM32\IPHLPAPI.DLL
0x00007ffcc2700000 - 0x00007ffcc2777000 	C:\WINDOWS\System32\fwpuclnt.dll
0x00007ffcc7770000 - 0x00007ffcc7796000 	C:\WINDOWS\System32\bcrypt.dll
0x00007ffcbf440000 - 0x00007ffcbf44a000 	C:\Windows\System32\rasadhlp.dll
0x00007ffcc68b0000 - 0x00007ffcc68e3000 	C:\WINDOWS\system32\rsaenh.dll
0x00007ffcc7450000 - 0x00007ffcc7475000 	C:\WINDOWS\SYSTEM32\USERENV.dll
0x00007ffcc6f10000 - 0x00007ffcc6f1c000 	C:\WINDOWS\SYSTEM32\CRYPTBASE.dll
0x00007ffcc2110000 - 0x00007ffcc2126000 	C:\WINDOWS\SYSTEM32\dhcpcsvc6.DLL
0x00007ffcc20f0000 - 0x00007ffcc210c000 	C:\WINDOWS\SYSTEM32\dhcpcsvc.DLL
0x00007ffcbf7f0000 - 0x00007ffcbf9e4000 	C:\WINDOWS\SYSTEM32\dbghelp.dll

VM Arguments:
jvm_args: -agentlib:jdwp=transport=dt_socket,suspend=y,address=localhost:51181 -ea -Dfile.encoding=Cp1252 
java_command: org.testng.remote.RemoteTestNG -serport 51180 -protocol json -d C:\Users\rmalik\eclipse-workspace\XRMSelenium\XRMFunctional\test-output C:\Users\rmalik\AppData\Local\Temp\testng-eclipse-962819447\testng-customsuite.xml
java_class_path (initial): C:\Users\rmalik\eclipse\java-2019-09\eclipse\configuration\org.eclipse.osgi\488\0\.cp\lib\testng-remote.jar;C:\Users\rmalik\eclipse-workspace\XRMSelenium\XRMFunctional\target\test-classes;C:\Users\rmalik\eclipse-workspace\XRMSelenium\XRMFunctional\target\classes;C:\Users\rmalik\.m2\repository\org\testng\testng\6.14.3\testng-6.14.3.jar;C:\Users\rmalik\.m2\repository\com\beust\jcommander\1.72\jcommander-1.72.jar;C:\Users\rmalik\.m2\repository\org\apache-extras\beanshell\bsh\2.0b6\bsh-2.0b6.jar;C:\Users\rmalik\.m2\repository\org\seleniumhq\selenium\selenium-java\3.141.59\selenium-java-3.141.59.jar;C:\Users\rmalik\.m2\repository\org\seleniumhq\selenium\selenium-api\3.141.59\selenium-api-3.141.59.jar;C:\Users\rmalik\.m2\repository\org\seleniumhq\selenium\selenium-chrome-driver\3.141.59\selenium-chrome-driver-3.141.59.jar;C:\Users\rmalik\.m2\repository\org\seleniumhq\selenium\selenium-edge-driver\3.141.59\selenium-edge-driver-3.141.59.jar;C:\Users\rmalik\.m2\repository\org\seleniumhq\selenium\selenium-firefox-driver\3.141.59\selenium-firefox-driver-3.141.59.jar;C:\Users\rmalik\.m2\repository\org\seleniumhq\selenium\selenium-ie-driver\3.141.59\selenium-ie-driver-3.141.59.jar;C:\Users\rmalik\.m2\repository\org\seleniumhq\selenium\selenium-opera-driver\3.141.59\selenium-opera-driver-3.141.59.jar;C:\Users\rmalik\.m2\repository\org\seleniumhq\selenium\selenium-remote-driver\3.141.59\selenium-remote-driver-3.141.59.jar;C:\Users\rmalik\.m2\repository\org\seleniumhq\selenium\selenium-safari-driver\3.141.59\selenium-safari-driver-3.141.59.jar;C:\Users\rmalik\.m2\repository\org\seleniumhq\selenium\selenium-support\3.141.59\selenium-support-3.141.59.jar;C:\Users\rmalik\.m2\repository\net\bytebuddy\byte-buddy\1.8.15\byte-buddy-1.8.15.jar;C:\Users\rmalik\.m2\repository\org\apache\commons\commons-exec\1.3\commons-exec-1.3.jar;C:\Users\rmalik\.m2\repository\com\google\guava\guava\25.0-jre\guava-25.0-jre.jar;C:\Users\rmalik\.m2\repository\com\google\code\find
Launcher Type: SUN_STANDARD

Logging:
Log output configuration:
#0: stdout all=warning uptime,level,tags
#1: stderr all=off uptime,level,tags

Environment Variables:
JAVA_HOME=C:\Program Files\Java\jdk-9.0.4
CLASSPATH=D:\Java7;
PATH=C:/Program Files/Java/jdk1.8.0_172/jre/bin/server;C:/Program Files/Java/jdk1.8.0_172/jre/bin;C:/Program Files/Java/jdk1.8.0_172/jre/lib/amd64;D:\Java7\bin;C:\WINDOWS\system32;C:\WINDOWS;C:\WINDOWS\System32\Wbem;C:\WINDOWS\System32\WindowsPowerShell\v1.0\;C:\Program Files\TortoiseSVN\bin;C:\Program Files\MySQL\MySQL Utilities 1.6\;C:\Program Files\dotnet\;C:\Program Files\Microsoft SQL Server\130\Tools\Binn\;C:\WINDOWS\System32\OpenSSH\;C:\Program Files (x86)\MySQL\MySQL Server 5.7\bin;C:\Program Files\Microsoft SQL Server\110\Tools\Binn\;C:\Program Files (x86)\Microsoft SDKs\TypeScript\1.0\;C:\Program Files\Microsoft SQL Server\120\Tools\Binn\;C:\Program Files (x86)\Microsoft SQL Server\100\Tools\Binn\;C:\Program Files\Microsoft SQL Server\100\Tools\Binn\;C:\Program Files\Microsoft SQL Server\100\DTS\Binn\;C:\Program Files (x86)\Microsoft SQL Server\100\Tools\Binn\VSShell\Common7\IDE\;C:\Program Files (x86)\Microsoft Visual Studio 9.0\Common7\IDE\PrivateAssemblies\;C:\Program Files (x86)\Microsoft SQL Server\100\DTS\Binn\;D:\Ant\apache-ant-1.9.13\bin;D:\apache-maven-3.6.2\bin;D:\Java7\jre;C:\Users\rmalik\AppData\Local\Microsoft\WindowsApps;C:\Users\rmalik\AppData\Local\GitHubDesktop\bin;C:\Users\rmalik\Desktop;
USERNAME=RMalik
OS=Windows_NT
PROCESSOR_IDENTIFIER=Intel64 Family 6 Model 58 Stepping 9, GenuineIntel



---------------  S Y S T E M  ---------------

OS: Windows 10 , 64 bit Build 18362 (10.0.18362.329)

CPU:total 4 (initial active 4) (2 cores per cpu, 2 threads per core) family 6 model 58 stepping 9, cmov, cx8, fxsr, mmx, sse, sse2, sse3, ssse3, sse4.1, sse4.2, popcnt, avx, aes, clmul, erms, ht, tsc, tscinvbit, tscinv

Memory: 4k page, physical 6170120k(1103996k free), swap 15607304k(6296344k free)

vm_info: Java HotSpot(TM) 64-Bit Server VM (9.0.4+11) for windows-amd64 JRE (9.0.4+11), built on Dec 20 2017 02:18:54 by "mach5one" with MS VC++ 12.0 (VS2013)

END.
