#
# A fatal error has been detected by the Java Runtime Environment:
#
#  EXCEPTION_ACCESS_VIOLATION (0xc0000005) at pc=0x000000005d5f2fd3, pid=53348, tid=62532
#
# JRE version: Java(TM) SE Runtime Environment (9.0+11) (build 9.0.4+11)
# Java VM: Java HotSpot(TM) 64-Bit Server VM (9.0.4+11, mixed mode, tiered, compressed oops, g1 gc, windows-amd64)
# Problematic frame:
# V  [jvm.dll+0x2f2fd3]
#
# No core dump will be written. Minidumps are not enabled by default on client versions of Windows
#
# If you would like to submit a bug report, please visit:
#   http://bugreport.java.com/bugreport/crash.jsp
#

---------------  S U M M A R Y ------------

Command Line: -agentlib:jdwp=transport=dt_socket,suspend=y,address=localhost:60247 -ea -Dfile.encoding=Cp1252 org.testng.remote.RemoteTestNG -serport 60239 -protocol json -d C:\Users\rmalik\eclipse-workspace\HybridAutomation\test-output C:\Users\rmalik\AppData\Local\Temp\testng-eclipse-962004228\testng-customsuite.xml

Host: Intel(R) Core(TM) i5-3210M CPU @ 2.50GHz, 4 cores, 5G,  Windows 10 , 64 bit Build 18362 (10.0.18362.329)
Time: Thu Jan 30 04:04:12 2020 Eastern Standard Time elapsed time: 2297 seconds (0d 0h 38m 17s)

---------------  T H R E A D  ---------------

Current thread (0x000001fbe6936800):  VMThread "VM Thread" [stack: 0x000000c6a6e00000,0x000000c6a6f00000] [id=62532]

Stack: [0x000000c6a6e00000,0x000000c6a6f00000],  sp=0x000000c6a6efeb00,  free space=1018k
Native frames: (J=compiled Java code, j=interpreted, Vv=VM code, C=native code)
V  [jvm.dll+0x2f2fd3]
V  [jvm.dll+0x2f6a09]
V  [jvm.dll+0x2f6e02]
V  [jvm.dll+0x2f3285]
V  [jvm.dll+0x5784ff]
V  [jvm.dll+0x57880c]
V  [jvm.dll+0x578f20]
V  [jvm.dll+0x5470aa]
V  [jvm.dll+0x465311]
V  [jvm.dll+0x6a366b]
V  [jvm.dll+0x6a1e05]
V  [jvm.dll+0x6a25e1]
V  [jvm.dll+0x6a28cc]
V  [jvm.dll+0x586490]
C  [msvcr120.dll+0x24f7f]
C  [msvcr120.dll+0x25126]
C  [KERNEL32.DLL+0x17bd4]
C  [ntdll.dll+0x6ced1]


siginfo: EXCEPTION_ACCESS_VIOLATION (0xc0000005), reading address 0xffffffffffffffff


Register to memory mapping:

RIP=0x000000005d5f2fd3 jvm.dll
RAX=0x000001fbe68f54a0 is an unknown value
RBX=0x000000c6a6efed40 is an unknown value
RCX=0x000000c6a6efedb0 is an unknown value
RDX=0xffffffffffffcc58 is an unknown value
RSP=0x000000c6a6efeb00 is an unknown value
RBP=0x000000c6a6efeb70 is an unknown value
RSI=0x000001fbe68f53f0 is an unknown value
RDI=0x00000000000000a6 is an unknown value
R8 =0x03ffffffffffff31 is an unknown value
R9 =0x0000000000000018 is an unknown value
R10=0x00000000000001f6 is an unknown value
R11=0x000001a45bb0bd3c is an unknown value
R12=0x0000000000000000 is an unknown value
R13=0x000000000000020c is an unknown value
R14=0x0000000000000000 is an unknown value
R15=0x000000005d5f2fb0 jvm.dll


Registers:
RAX=0x000001fbe68f54a0, RBX=0x000000c6a6efed40, RCX=0x000000c6a6efedb0, RDX=0xffffffffffffcc58
RSP=0x000000c6a6efeb00, RBP=0x000000c6a6efeb70, RSI=0x000001fbe68f53f0, RDI=0x00000000000000a6
R8 =0x03ffffffffffff31, R9 =0x0000000000000018, R10=0x00000000000001f6, R11=0x000001a45bb0bd3c
R12=0x0000000000000000, R13=0x000000000000020c, R14=0x0000000000000000, R15=0x000000005d5f2fb0
RIP=0x000000005d5f2fd3, EFLAGS=0x0000000000010a02

Top of Stack: (sp=0x000000c6a6efeb00)
0x000000c6a6efeb00:   0000000000000000 000000005d514aee
0x000000c6a6efeb10:   0000000000000000 000000005d3a7f6c
0x000000c6a6efeb20:   000000c6a6efed40 000000005d5f6a09
0x000000c6a6efeb30:   0000000000004cca 000000c6a6efed40
0x000000c6a6efeb40:   0000000000000000 0000000000000000
0x000000c6a6efeb50:   0000000000000000 0000000000000000
0x000000c6a6efeb60:   0000000000000000 000000005d515224
0x000000c6a6efeb70:   000001fbe68f57d8 0000000000000001
0x000000c6a6efeb80:   00000000000003d8 00000000000000a6
0x000000c6a6efeb90:   000000000000020c 000000005d5f6e02
0x000000c6a6efeba0:   000000c6a6efed40 0000000000000001
0x000000c6a6efebb0:   000001fbe68f53f0 000001fbe68f53f0
0x000000c6a6efebc0:   000001fbe9a76a10 000001fbe6936800
0x000000c6a6efebd0:   0000020f0000020c 000000a6000003ad
0x000000c6a6efebe0:   000003ad00000000 ffffffff000000a6
0x000000c6a6efebf0:   000001fbe68f57d8 0000000000000000 

Instructions: (pc=0x000000005d5f2fd3)
0x000000005d5f2fb3:   83 ec 20 48 63 d2 48 8b d9 48 83 c1 70 0f b6 c2
0x000000005d5f2fc3:   4c 8b c2 24 3f 49 c1 e8 06 44 0f b6 c8 48 8b 01
0x000000005d5f2fd3:   4e 8b 04 c0 4d 0f a3 c8 72 0b 41 b0 01 e8 db f4
0x000000005d5f2fe3:   df ff ff 43 6c 48 83 c4 20 5b c3 cc cc 48 83 ec 


VM_Operation (0x000000c6a78ff230): GetOrSetLocal, mode: safepoint, requested by thread 0x000001fbe6cf4000


---------------  P R O C E S S  ---------------

Java Threads: ( => current thread )
  0x000001fbe82e3800 JavaThread "Okio Watchdog" daemon [_thread_blocked, id=73388, stack(0x000000c6a8500000,0x000000c6a8600000)]
  0x000001fbe7a46000 JavaThread "Exec Stream Pumper" daemon [_thread_in_native, id=57804, stack(0x000000c6a8200000,0x000000c6a8300000)]
  0x000001fbe7a43800 JavaThread "Exec Stream Pumper" daemon [_thread_in_native, id=28612, stack(0x000000c6a8100000,0x000000c6a8200000)]
  0x000001fbe81d5800 JavaThread "Exec Default Executor" daemon [_thread_in_native, id=76572, stack(0x000000c6a7f00000,0x000000c6a8000000)]
  0x000001fbe7742800 JavaThread "ReaderThread" [_thread_in_native, id=85436, stack(0x000000c6a7e00000,0x000000c6a7f00000)]
  0x000001fbe6d0d000 JavaThread "Service Thread" daemon [_thread_blocked, id=104012, stack(0x000000c6a7b00000,0x000000c6a7c00000)]
  0x000001fbe6cfe800 JavaThread "JDWP Command Reader" daemon [_thread_in_native, id=97036, stack(0x000000c6a7a00000,0x000000c6a7b00000)]
  0x000001fbe6cfd800 JavaThread "JDWP Event Helper Thread" daemon [_thread_blocked, id=76980, stack(0x000000c6a7900000,0x000000c6a7a00000)]
  0x000001fbe6cf4000 JavaThread "JDWP Transport Listener: dt_socket" daemon [_thread_blocked, id=101392, stack(0x000000c6a7800000,0x000000c6a7900000)]
  0x000001fbe6a4d000 JavaThread "Common-Cleaner" daemon [_thread_blocked, id=100152, stack(0x000000c6a7700000,0x000000c6a7800000)]
  0x000001fbe69b8800 JavaThread "Sweeper thread" daemon [_thread_blocked, id=93472, stack(0x000000c6a7600000,0x000000c6a7700000)]
  0x000001fbe69af800 JavaThread "C1 CompilerThread2" daemon [_thread_blocked, id=84188, stack(0x000000c6a7500000,0x000000c6a7600000)]
  0x000001fbe69af000 JavaThread "C2 CompilerThread1" daemon [_thread_blocked, id=67032, stack(0x000000c6a7400000,0x000000c6a7500000)]
  0x000001fbe69a6000 JavaThread "C2 CompilerThread0" daemon [_thread_blocked, id=71060, stack(0x000000c6a7300000,0x000000c6a7400000)]
  0x000001fbe69a5000 JavaThread "Attach Listener" daemon [_thread_blocked, id=67580, stack(0x000000c6a7200000,0x000000c6a7300000)]
  0x000001fbe69a4800 JavaThread "Signal Dispatcher" daemon [_thread_blocked, id=82456, stack(0x000000c6a7100000,0x000000c6a7200000)]
  0x000001fbe694c000 JavaThread "Finalizer" daemon [_thread_blocked, id=100220, stack(0x000000c6a7000000,0x000000c6a7100000)]
  0x000001fbe6941000 JavaThread "Reference Handler" daemon [_thread_blocked, id=93504, stack(0x000000c6a6f00000,0x000000c6a7000000)]
  0x000001fbc4984800 JavaThread "main" [_thread_blocked, id=81260, stack(0x000000c6a6200000,0x000000c6a6300000)]

Other Threads:
=>0x000001fbe6936800 VMThread "VM Thread" [stack: 0x000000c6a6e00000,0x000000c6a6f00000] [id=62532]
  0x000001fbe6d0f800 WatcherThread [stack: 0x000000c6a7c00000,0x000000c6a7d00000] [id=83556]
  0x000001fbc499b800 GCTaskThread "GC Thread#0" [stack: 0x000000c6a6300000,0x000000c6a6400000] [id=99192]
  0x000001fbc499d000 GCTaskThread "GC Thread#1" [stack: 0x000000c6a6400000,0x000000c6a6500000] [id=28240]
  0x000001fbc499f800 GCTaskThread "GC Thread#2" [stack: 0x000000c6a6500000,0x000000c6a6600000] [id=100216]
  0x000001fbc49a1800 GCTaskThread "GC Thread#3" [stack: 0x000000c6a6600000,0x000000c6a6700000] [id=103756]
  0x000001fbc4a09000 ConcurrentGCThread "G1 Main Marker" [stack: 0x000000c6a6c00000,0x000000c6a6d00000] [id=67956]
  0x000001fbc4a0a000 ConcurrentGCThread "G1 Marker#0" [stack: 0x000000c6a6d00000,0x000000c6a6e00000] [id=82280]
  0x000001fbc49b2800 ConcurrentGCThread "G1 Refine#0" [stack: 0x000000c6a6a00000,0x000000c6a6b00000] [id=102884]
  0x000001fbc49b1800 ConcurrentGCThread "G1 Refine#1" [stack: 0x000000c6a6900000,0x000000c6a6a00000] [id=56680]
  0x000001fbc49ac000 ConcurrentGCThread "G1 Refine#2" [stack: 0x000000c6a6800000,0x000000c6a6900000] [id=91372]
  0x000001fbc49a9000 ConcurrentGCThread "G1 Refine#3" [stack: 0x000000c6a6700000,0x000000c6a6800000] [id=101576]
  0x000001fbc49b3800 ConcurrentGCThread "G1 Young RemSet Sampling" [stack: 0x000000c6a6b00000,0x000000c6a6c00000] [id=99016]

Threads with active compile tasks:

VM state:at safepoint (normal execution)

VM Mutex/Monitor currently owned by a thread:  ([mutex/lock_event])
[0x000001fbc497f3c0] Threads_lock - owner thread: 0x000001fbe6936800

Heap address: 0x00000000a1c00000, size: 1508 MB, Compressed Oops mode: 32-bit
Narrow klass base: 0x0000000000000000, Narrow klass shift: 3
Compressed class space size: 1073741824 Address: 0x0000000100000000

Heap:
 garbage-first heap   total 98304K, used 36192K [0x00000000a1c00000, 0x00000000a1d00300, 0x0000000100000000)
  region size 1024K, 31 young (31744K), 4 survivors (4096K)
 Metaspace       used 25080K, capacity 26462K, committed 26624K, reserved 1073152K
  class space    used 2756K, capacity 3027K, committed 3072K, reserved 1048576K
Heap Regions: E=young(eden), S=young(survivor), O=old, HS=humongous(starts), HC=humongous(continues), CS=collection set, F=free, A=archive, TS=gc time stamp, AC=allocation context, TAMS=top-at-mark-start (previous, next)
|   0|0x00000000a1c00000, 0x00000000a1d00000, 0x00000000a1d00000|100%| O|  |TS  0|AC  0|TAMS 0x00000000a1d00000, 0x00000000a1d00000|
|   1|0x00000000a1d00000, 0x00000000a1e00000, 0x00000000a1e00000|100%| O|  |TS  0|AC  0|TAMS 0x00000000a1e00000, 0x00000000a1e00000|
|   2|0x00000000a1e00000, 0x00000000a1f00000, 0x00000000a1f00000|100%| O|  |TS  0|AC  0|TAMS 0x00000000a1f00000, 0x00000000a1f00000|
|   3|0x00000000a1f00000, 0x00000000a2000000, 0x00000000a2000000|100%| O|  |TS  0|AC  0|TAMS 0x00000000a2000000, 0x00000000a2000000|
|   4|0x00000000a2000000, 0x00000000a2100000, 0x00000000a2100000|100%| O|  |TS  0|AC  0|TAMS 0x00000000a2100000, 0x00000000a2100000|
|   5|0x00000000a2100000, 0x00000000a2158000, 0x00000000a2200000| 34%| O|  |TS  0|AC  0|TAMS 0x00000000a2158000, 0x00000000a2158000|
|   6|0x00000000a2200000, 0x00000000a2200000, 0x00000000a2300000|  0%| F|  |TS  0|AC  0|TAMS 0x00000000a2200000, 0x00000000a2200000|
|   7|0x00000000a2300000, 0x00000000a2300000, 0x00000000a2400000|  0%| F|  |TS  0|AC  0|TAMS 0x00000000a2300000, 0x00000000a2300000|
|   8|0x00000000a2400000, 0x00000000a2400000, 0x00000000a2500000|  0%| F|  |TS  0|AC  0|TAMS 0x00000000a2400000, 0x00000000a2400000|
|   9|0x00000000a2500000, 0x00000000a2500000, 0x00000000a2600000|  0%| F|  |TS  0|AC  0|TAMS 0x00000000a2500000, 0x00000000a2500000|
|  10|0x00000000a2600000, 0x00000000a2600000, 0x00000000a2700000|  0%| F|  |TS  0|AC  0|TAMS 0x00000000a2600000, 0x00000000a2600000|
|  11|0x00000000a2700000, 0x00000000a2700000, 0x00000000a2800000|  0%| F|  |TS  0|AC  0|TAMS 0x00000000a2700000, 0x00000000a2700000|
|  12|0x00000000a2800000, 0x00000000a2800000, 0x00000000a2900000|  0%| F|  |TS  0|AC  0|TAMS 0x00000000a2800000, 0x00000000a2800000|
|  13|0x00000000a2900000, 0x00000000a2900000, 0x00000000a2a00000|  0%| F|  |TS  0|AC  0|TAMS 0x00000000a2900000, 0x00000000a2900000|
|  14|0x00000000a2a00000, 0x00000000a2a00000, 0x00000000a2b00000|  0%| F|  |TS  0|AC  0|TAMS 0x00000000a2a00000, 0x00000000a2a00000|
|  15|0x00000000a2b00000, 0x00000000a2b00000, 0x00000000a2c00000|  0%| F|  |TS  0|AC  0|TAMS 0x00000000a2b00000, 0x00000000a2b00000|
|  16|0x00000000a2c00000, 0x00000000a2c00000, 0x00000000a2d00000|  0%| F|  |TS  0|AC  0|TAMS 0x00000000a2c00000, 0x00000000a2c00000|
|  17|0x00000000a2d00000, 0x00000000a2d00000, 0x00000000a2e00000|  0%| F|  |TS  0|AC  0|TAMS 0x00000000a2d00000, 0x00000000a2d00000|
|  18|0x00000000a2e00000, 0x00000000a2e00000, 0x00000000a2f00000|  0%| F|  |TS  0|AC  0|TAMS 0x00000000a2e00000, 0x00000000a2e00000|
|  19|0x00000000a2f00000, 0x00000000a2f00000, 0x00000000a3000000|  0%| F|  |TS  0|AC  0|TAMS 0x00000000a2f00000, 0x00000000a2f00000|
|  20|0x00000000a3000000, 0x00000000a3000000, 0x00000000a3100000|  0%| F|  |TS  0|AC  0|TAMS 0x00000000a3000000, 0x00000000a3000000|
|  21|0x00000000a3100000, 0x00000000a3100000, 0x00000000a3200000|  0%| F|  |TS  0|AC  0|TAMS 0x00000000a3100000, 0x00000000a3100000|
|  22|0x00000000a3200000, 0x00000000a3200000, 0x00000000a3300000|  0%| F|  |TS  0|AC  0|TAMS 0x00000000a3200000, 0x00000000a3200000|
|  23|0x00000000a3300000, 0x00000000a3300000, 0x00000000a3400000|  0%| F|  |TS  0|AC  0|TAMS 0x00000000a3300000, 0x00000000a3300000|
|  24|0x00000000a3400000, 0x00000000a3400000, 0x00000000a3500000|  0%| F|  |TS  0|AC  0|TAMS 0x00000000a3400000, 0x00000000a3400000|
|  25|0x00000000a3500000, 0x00000000a3500000, 0x00000000a3600000|  0%| F|  |TS  0|AC  0|TAMS 0x00000000a3500000, 0x00000000a3500000|
|  26|0x00000000a3600000, 0x00000000a3600000, 0x00000000a3700000|  0%| F|  |TS  0|AC  0|TAMS 0x00000000a3600000, 0x00000000a3600000|
|  27|0x00000000a3700000, 0x00000000a3700000, 0x00000000a3800000|  0%| F|  |TS  0|AC  0|TAMS 0x00000000a3700000, 0x00000000a3700000|
|  28|0x00000000a3800000, 0x00000000a3800000, 0x00000000a3900000|  0%| F|  |TS  0|AC  0|TAMS 0x00000000a3800000, 0x00000000a3800000|
|  29|0x00000000a3900000, 0x00000000a3900000, 0x00000000a3a00000|  0%| F|  |TS  0|AC  0|TAMS 0x00000000a3900000, 0x00000000a3900000|
|  30|0x00000000a3a00000, 0x00000000a3a00000, 0x00000000a3b00000|  0%| F|  |TS  0|AC  0|TAMS 0x00000000a3a00000, 0x00000000a3a00000|
|  31|0x00000000a3b00000, 0x00000000a3b00000, 0x00000000a3c00000|  0%| F|  |TS  0|AC  0|TAMS 0x00000000a3b00000, 0x00000000a3b00000|
|  32|0x00000000a3c00000, 0x00000000a3c00000, 0x00000000a3d00000|  0%| F|  |TS  0|AC  0|TAMS 0x00000000a3c00000, 0x00000000a3c00000|
|  33|0x00000000a3d00000, 0x00000000a3d00000, 0x00000000a3e00000|  0%| F|  |TS  0|AC  0|TAMS 0x00000000a3d00000, 0x00000000a3d00000|
|  34|0x00000000a3e00000, 0x00000000a3e00000, 0x00000000a3f00000|  0%| F|  |TS  0|AC  0|TAMS 0x00000000a3e00000, 0x00000000a3e00000|
|  35|0x00000000a3f00000, 0x00000000a3f00000, 0x00000000a4000000|  0%| F|  |TS  0|AC  0|TAMS 0x00000000a3f00000, 0x00000000a3f00000|
|  36|0x00000000a4000000, 0x00000000a4000000, 0x00000000a4100000|  0%| F|  |TS  0|AC  0|TAMS 0x00000000a4000000, 0x00000000a4000000|
|  37|0x00000000a4100000, 0x00000000a4100000, 0x00000000a4200000|  0%| F|  |TS  0|AC  0|TAMS 0x00000000a4100000, 0x00000000a4100000|
|  38|0x00000000a4200000, 0x00000000a4200000, 0x00000000a4300000|  0%| F|  |TS  0|AC  0|TAMS 0x00000000a4200000, 0x00000000a4200000|
|  39|0x00000000a4300000, 0x00000000a4300000, 0x00000000a4400000|  0%| F|  |TS  0|AC  0|TAMS 0x00000000a4300000, 0x00000000a4300000|
|  40|0x00000000a4400000, 0x00000000a4400000, 0x00000000a4500000|  0%| F|  |TS  0|AC  0|TAMS 0x00000000a4400000, 0x00000000a4400000|
|  41|0x00000000a4500000, 0x00000000a4500000, 0x00000000a4600000|  0%| F|  |TS  0|AC  0|TAMS 0x00000000a4500000, 0x00000000a4500000|
|  42|0x00000000a4600000, 0x00000000a4600000, 0x00000000a4700000|  0%| F|  |TS  0|AC  0|TAMS 0x00000000a4600000, 0x00000000a4600000|
|  43|0x00000000a4700000, 0x00000000a4700000, 0x00000000a4800000|  0%| F|  |TS  0|AC  0|TAMS 0x00000000a4700000, 0x00000000a4700000|
|  44|0x00000000a4800000, 0x00000000a4800000, 0x00000000a4900000|  0%| F|  |TS  0|AC  0|TAMS 0x00000000a4800000, 0x00000000a4800000|
|  45|0x00000000a4900000, 0x00000000a4900000, 0x00000000a4a00000|  0%| F|  |TS  0|AC  0|TAMS 0x00000000a4900000, 0x00000000a4900000|
|  46|0x00000000a4a00000, 0x00000000a4a00000, 0x00000000a4b00000|  0%| F|  |TS  0|AC  0|TAMS 0x00000000a4a00000, 0x00000000a4a00000|
|  47|0x00000000a4b00000, 0x00000000a4b00000, 0x00000000a4c00000|  0%| F|  |TS  0|AC  0|TAMS 0x00000000a4b00000, 0x00000000a4b00000|
|  48|0x00000000a4c00000, 0x00000000a4c00000, 0x00000000a4d00000|  0%| F|  |TS  0|AC  0|TAMS 0x00000000a4c00000, 0x00000000a4c00000|
|  49|0x00000000a4d00000, 0x00000000a4d00000, 0x00000000a4e00000|  0%| F|  |TS  0|AC  0|TAMS 0x00000000a4d00000, 0x00000000a4d00000|
|  50|0x00000000a4e00000, 0x00000000a4e00000, 0x00000000a4f00000|  0%| F|  |TS  0|AC  0|TAMS 0x00000000a4e00000, 0x00000000a4e00000|
|  51|0x00000000a4f00000, 0x00000000a4f00000, 0x00000000a5000000|  0%| F|  |TS  0|AC  0|TAMS 0x00000000a4f00000, 0x00000000a4f00000|
|  52|0x00000000a5000000, 0x00000000a5000000, 0x00000000a5100000|  0%| F|  |TS  0|AC  0|TAMS 0x00000000a5000000, 0x00000000a5000000|
|  53|0x00000000a5100000, 0x00000000a5100000, 0x00000000a5200000|  0%| F|  |TS  0|AC  0|TAMS 0x00000000a5100000, 0x00000000a5100000|
|  54|0x00000000a5200000, 0x00000000a5200000, 0x00000000a5300000|  0%| F|  |TS  0|AC  0|TAMS 0x00000000a5200000, 0x00000000a5200000|
|  55|0x00000000a5300000, 0x00000000a5300000, 0x00000000a5400000|  0%| F|  |TS  0|AC  0|TAMS 0x00000000a5300000, 0x00000000a5300000|
|  56|0x00000000a5400000, 0x00000000a5400000, 0x00000000a5500000|  0%| F|  |TS  0|AC  0|TAMS 0x00000000a5400000, 0x00000000a5400000|
|  57|0x00000000a5500000, 0x00000000a5500000, 0x00000000a5600000|  0%| F|  |TS  0|AC  0|TAMS 0x00000000a5500000, 0x00000000a5500000|
|  58|0x00000000a5600000, 0x00000000a5600000, 0x00000000a5700000|  0%| F|  |TS  0|AC  0|TAMS 0x00000000a5600000, 0x00000000a5600000|
|  59|0x00000000a5700000, 0x00000000a5700000, 0x00000000a5800000|  0%| F|  |TS  0|AC  0|TAMS 0x00000000a5700000, 0x00000000a5700000|
|  60|0x00000000a5800000, 0x00000000a5800000, 0x00000000a5900000|  0%| F|  |TS  0|AC  0|TAMS 0x00000000a5800000, 0x00000000a5800000|
|  61|0x00000000a5900000, 0x00000000a5900000, 0x00000000a5a00000|  0%| F|  |TS  0|AC  0|TAMS 0x00000000a5900000, 0x00000000a5900000|
|  62|0x00000000a5a00000, 0x00000000a5a00000, 0x00000000a5b00000|  0%| F|  |TS  0|AC  0|TAMS 0x00000000a5a00000, 0x00000000a5a00000|
|  63|0x00000000a5b00000, 0x00000000a5b00000, 0x00000000a5c00000|  0%| F|  |TS  0|AC  0|TAMS 0x00000000a5b00000, 0x00000000a5b00000|
|  64|0x00000000a5c00000, 0x00000000a5c00000, 0x00000000a5d00000|  0%| F|  |TS  0|AC  0|TAMS 0x00000000a5c00000, 0x00000000a5c00000|
|  65|0x00000000a5d00000, 0x00000000a5d00800, 0x00000000a5e00000|  0%| E|  |TS  0|AC  0|TAMS 0x00000000a5d00000, 0x00000000a5d00000|
|  66|0x00000000a5e00000, 0x00000000a5f00000, 0x00000000a5f00000|100%| E|CS|TS  0|AC  0|TAMS 0x00000000a5e00000, 0x00000000a5e00000|
|  67|0x00000000a5f00000, 0x00000000a6000000, 0x00000000a6000000|100%| E|CS|TS  0|AC  0|TAMS 0x00000000a5f00000, 0x00000000a5f00000|
|  68|0x00000000a6000000, 0x00000000a6100000, 0x00000000a6100000|100%| E|CS|TS  0|AC  0|TAMS 0x00000000a6000000, 0x00000000a6000000|
|  69|0x00000000a6100000, 0x00000000a6200000, 0x00000000a6200000|100%| S|CS|TS  0|AC  0|TAMS 0x00000000a6100000, 0x00000000a6100000|
|  70|0x00000000a6200000, 0x00000000a6300000, 0x00000000a6300000|100%| S|CS|TS  0|AC  0|TAMS 0x00000000a6200000, 0x00000000a6200000|
|  71|0x00000000a6300000, 0x00000000a6400000, 0x00000000a6400000|100%| S|CS|TS  0|AC  0|TAMS 0x00000000a6300000, 0x00000000a6300000|
|  72|0x00000000a6400000, 0x00000000a6500000, 0x00000000a6500000|100%| S|CS|TS  0|AC  0|TAMS 0x00000000a6400000, 0x00000000a6400000|
|  73|0x00000000a6500000, 0x00000000a6600000, 0x00000000a6600000|100%| E|CS|TS  0|AC  0|TAMS 0x00000000a6500000, 0x00000000a6500000|
|  74|0x00000000a6600000, 0x00000000a6700000, 0x00000000a6700000|100%| E|CS|TS  0|AC  0|TAMS 0x00000000a6600000, 0x00000000a6600000|
|  75|0x00000000a6700000, 0x00000000a6800000, 0x00000000a6800000|100%| E|CS|TS  0|AC  0|TAMS 0x00000000a6700000, 0x00000000a6700000|
|  76|0x00000000a6800000, 0x00000000a6900000, 0x00000000a6900000|100%| E|CS|TS  0|AC  0|TAMS 0x00000000a6800000, 0x00000000a6800000|
|  77|0x00000000a6900000, 0x00000000a6a00000, 0x00000000a6a00000|100%| E|CS|TS  0|AC  0|TAMS 0x00000000a6900000, 0x00000000a6900000|
|  78|0x00000000a6a00000, 0x00000000a6b00000, 0x00000000a6b00000|100%| E|CS|TS  0|AC  0|TAMS 0x00000000a6a00000, 0x00000000a6a00000|
|  79|0x00000000a6b00000, 0x00000000a6c00000, 0x00000000a6c00000|100%| E|CS|TS  0|AC  0|TAMS 0x00000000a6b00000, 0x00000000a6b00000|
|  80|0x00000000a6c00000, 0x00000000a6d00000, 0x00000000a6d00000|100%| E|CS|TS  0|AC  0|TAMS 0x00000000a6c00000, 0x00000000a6c00000|
|  81|0x00000000a6d00000, 0x00000000a6e00000, 0x00000000a6e00000|100%| E|CS|TS  0|AC  0|TAMS 0x00000000a6d00000, 0x00000000a6d00000|
|  82|0x00000000a6e00000, 0x00000000a6f00000, 0x00000000a6f00000|100%| E|CS|TS  0|AC  0|TAMS 0x00000000a6e00000, 0x00000000a6e00000|
|  83|0x00000000a6f00000, 0x00000000a7000000, 0x00000000a7000000|100%| E|CS|TS  0|AC  0|TAMS 0x00000000a6f00000, 0x00000000a6f00000|
|  84|0x00000000a7000000, 0x00000000a7100000, 0x00000000a7100000|100%| E|CS|TS  0|AC  0|TAMS 0x00000000a7000000, 0x00000000a7000000|
|  85|0x00000000a7100000, 0x00000000a7200000, 0x00000000a7200000|100%| E|CS|TS  0|AC  0|TAMS 0x00000000a7100000, 0x00000000a7100000|
|  86|0x00000000a7200000, 0x00000000a7300000, 0x00000000a7300000|100%| E|CS|TS  0|AC  0|TAMS 0x00000000a7200000, 0x00000000a7200000|
|  87|0x00000000a7300000, 0x00000000a7400000, 0x00000000a7400000|100%| E|CS|TS  0|AC  0|TAMS 0x00000000a7300000, 0x00000000a7300000|
|  88|0x00000000a7400000, 0x00000000a7500000, 0x00000000a7500000|100%| E|CS|TS  0|AC  0|TAMS 0x00000000a7400000, 0x00000000a7400000|
|  89|0x00000000a7500000, 0x00000000a7600000, 0x00000000a7600000|100%| E|CS|TS  0|AC  0|TAMS 0x00000000a7500000, 0x00000000a7500000|
|  90|0x00000000a7600000, 0x00000000a7700000, 0x00000000a7700000|100%| E|CS|TS  0|AC  0|TAMS 0x00000000a7600000, 0x00000000a7600000|
|  91|0x00000000a7700000, 0x00000000a7800000, 0x00000000a7800000|100%| E|CS|TS  0|AC  0|TAMS 0x00000000a7700000, 0x00000000a7700000|
|  92|0x00000000a7800000, 0x00000000a7900000, 0x00000000a7900000|100%| E|CS|TS  0|AC  0|TAMS 0x00000000a7800000, 0x00000000a7800000|
|  93|0x00000000a7900000, 0x00000000a7a00000, 0x00000000a7a00000|100%| E|CS|TS  0|AC  0|TAMS 0x00000000a7900000, 0x00000000a7900000|
|  94|0x00000000a7a00000, 0x00000000a7b00000, 0x00000000a7b00000|100%| E|CS|TS  0|AC  0|TAMS 0x00000000a7a00000, 0x00000000a7a00000|
|  95|0x00000000a7b00000, 0x00000000a7c00000, 0x00000000a7c00000|100%| E|CS|TS  0|AC  0|TAMS 0x00000000a7b00000, 0x00000000a7b00000|

Card table byte_map: [0x000001fbe05b0000,0x000001fbe08b0000] byte_map_base: 0x000001fbe00a2000

Marking Bits (Prev, Next): (CMBitMap*) 0x000001fbc4a086e8, (CMBitMap*) 0x000001fbc4a086b0
 Prev Bits: [0x000001fbe2340000, 0x000001fbe3ad0000)
 Next Bits: [0x000001fbe0bb0000, 0x000001fbe2340000)

Polling page: 0x000001fbc4cd0000

CodeHeap 'non-profiled nmethods': size=120064Kb used=1117Kb max_used=1117Kb free=118946Kb
 bounds [0x000001fbd8440000, 0x000001fbd86b0000, 0x000001fbdf980000]
CodeHeap 'profiled nmethods': size=120000Kb used=4533Kb max_used=4551Kb free=115466Kb
 bounds [0x000001fbd0f10000, 0x000001fbd1390000, 0x000001fbd8440000]
CodeHeap 'non-nmethods': size=5696Kb used=1311Kb max_used=1339Kb free=4385Kb
 bounds [0x000001fbd0980000, 0x000001fbd0bf0000, 0x000001fbd0f10000]
 total_blobs=3242 nmethods=2232 adapters=422
 compilation: enabled

Compilation events (10 events):
Event: 1859.748 Thread 0x000001fbe69af800 2245       3       java.lang.invoke.MemberName::isVolatile (8 bytes)
Event: 1859.749 Thread 0x000001fbe69af800 nmethod 2245 0x000001fbd1380e90 code [0x000001fbd1381040, 0x000001fbd1381258]
Event: 1859.749 Thread 0x000001fbe69af800 2246       3       java.lang.invoke.DirectMethodHandle::preparedFieldLambdaForm (48 bytes)
Event: 1859.749 Thread 0x000001fbe69af800 nmethod 2246 0x000001fbd1381310 code [0x000001fbd1381520, 0x000001fbd1381c30]
Event: 1859.825 Thread 0x000001fbe69a6000 nmethod 2233 0x000001fbd854eb10 code [0x000001fbd854ed80, 0x000001fbd8551308]
Event: 1859.825 Thread 0x000001fbe69a6000 2240       4       jdk.internal.org.objectweb.asm.Type::getType (269 bytes)
Event: 1859.833 Thread 0x000001fbe69a6000 nmethod 2240 0x000001fbd8552010 code [0x000001fbd8552320, 0x000001fbd8552958]
Event: 1859.890 Thread 0x000001fbe69af000 nmethod 2232 0x000001fbd8552c90 code [0x000001fbd8553000, 0x000001fbd8556d80]
Event: 2060.866 Thread 0x000001fbe69af800 2248       3       java.lang.StringConcatHelper::mixCoder (8 bytes)
Event: 2060.866 Thread 0x000001fbe69af800 nmethod 2248 0x000001fbd0f11610 code [0x000001fbd0f117c0, 0x000001fbd0f11a18]

GC Heap History (6 events):
Event: 7.041 GC heap before
{Heap before GC invocations=0 (full 0):
 garbage-first heap   total 98304K, used 14336K [0x00000000a1c00000, 0x00000000a1d00300, 0x0000000100000000)
  region size 1024K, 14 young (14336K), 0 survivors (0K)
 Metaspace       used 12090K, capacity 12452K, committed 12544K, reserved 1060864K
  class space    used 1184K, capacity 1266K, committed 1280K, reserved 1048576K
}
Event: 7.047 GC heap after
{Heap after GC invocations=1 (full 0):
 garbage-first heap   total 98304K, used 4935K [0x00000000a1c00000, 0x00000000a1d00300, 0x0000000100000000)
  region size 1024K, 2 young (2048K), 2 survivors (2048K)
 Metaspace       used 12090K, capacity 12452K, committed 12544K, reserved 1060864K
  class space    used 1184K, capacity 1266K, committed 1280K, reserved 1048576K
}
Event: 8.053 GC heap before
{Heap before GC invocations=1 (full 0):
 garbage-first heap   total 98304K, used 12103K [0x00000000a1c00000, 0x00000000a1d00300, 0x0000000100000000)
  region size 1024K, 9 young (9216K), 2 survivors (2048K)
 Metaspace       used 14374K, capacity 14732K, committed 14976K, reserved 1062912K
  class space    used 1472K, capacity 1550K, committed 1664K, reserved 1048576K
}
Event: 8.059 GC heap after
{Heap after GC invocations=2 (full 0):
 garbage-first heap   total 98304K, used 6484K [0x00000000a1c00000, 0x00000000a1d00300, 0x0000000100000000)
  region size 1024K, 2 young (2048K), 2 survivors (2048K)
 Metaspace       used 14374K, capacity 14732K, committed 14976K, reserved 1062912K
  class space    used 1472K, capacity 1550K, committed 1664K, reserved 1048576K
}
Event: 11.064 GC heap before
{Heap before GC invocations=2 (full 0):
 garbage-first heap   total 98304K, used 26964K [0x00000000a1c00000, 0x00000000a1d00300, 0x0000000100000000)
  region size 1024K, 23 young (23552K), 2 survivors (2048K)
 Metaspace       used 20177K, capacity 21084K, committed 21248K, reserved 1069056K
  class space    used 2220K, capacity 2436K, committed 2560K, reserved 1048576K
}
Event: 11.072 GC heap after
{Heap after GC invocations=3 (full 0):
 garbage-first heap   total 98304K, used 9568K [0x00000000a1c00000, 0x00000000a1d00300, 0x0000000100000000)
  region size 1024K, 4 young (4096K), 4 survivors (4096K)
 Metaspace       used 20177K, capacity 21084K, committed 21248K, reserved 1069056K
  class space    used 2220K, capacity 2436K, committed 2560K, reserved 1048576K
}

Deoptimization events (10 events):
Event: 8.842 Thread 0x000001fbc4984800 Uncommon trap: reason=unstable_if action=reinterpret pc=0x000001fbd849ef18 method=java.lang.String.replace(CC)Ljava/lang/String; @ 2 c2
Event: 8.910 Thread 0x000001fbe7a4f800 Uncommon trap: reason=unstable_if action=reinterpret pc=0x000001fbd84a2434 method=java.lang.CharacterDataLatin1.digit(II)I @ 82 c2
Event: 9.421 Thread 0x000001fbe7a4f800 Uncommon trap: reason=unstable_if action=reinterpret pc=0x000001fbd84a1908 method=java.lang.CharacterDataLatin1.digit(II)I @ 82 c2
Event: 10.791 Thread 0x000001fbc4984800 Uncommon trap: reason=unstable_if action=reinterpret pc=0x000001fbd84d25b0 method=java.util.regex.Pattern$BmpCharProperty.match(Ljava/util/regex/Matcher;ILjava/lang/CharSequence;)Z @ 5 c2
Event: 30.644 Thread 0x000001fbc4984800 Uncommon trap: reason=unstable_if action=reinterpret pc=0x000001fbd84a3ab8 method=java.lang.Integer.parseInt(Ljava/lang/String;I)I @ 1 c2
Event: 30.644 Thread 0x000001fbc4984800 Uncommon trap: reason=unstable_if action=reinterpret pc=0x000001fbd847c744 method=java.lang.AbstractStringBuilder.append(Ljava/lang/String;)Ljava/lang/AbstractStringBuilder; @ 1 c2
Event: 31.324 Thread 0x000001fbc4984800 Uncommon trap: reason=unstable_if action=reinterpret pc=0x000001fbd846bc68 method=java.util.HashMap.getNode(ILjava/lang/Object;)Ljava/util/HashMap$Node; @ 84 c2
Event: 31.324 Thread 0x000001fbc4984800 Uncommon trap: reason=unstable_if action=reinterpret pc=0x000001fbd84c079c method=java.util.HashMap.putVal(ILjava/lang/Object;Ljava/lang/Object;ZZ)Ljava/lang/Object; @ 109 c2
Event: 31.737 Thread 0x000001fbc4984800 Uncommon trap: reason=unstable_if action=reinterpret pc=0x000001fbd84aa074 method=java.io.ByteArrayInputStream.read()I @ 8 c2
Event: 32.103 Thread 0x000001fbc4984800 Uncommon trap: reason=unstable_if action=reinterpret pc=0x000001fbd8526408 method=org.apache.poi.hssf.record.RecordInputStream.checkRecordPosition(I)V @ 7 c2

Classes redefined (4 events):
Event: 2296.720 Thread 0x000001fbe6936800 redefined class name=com.acro.xrm.utils.ExcelReader, count=1
Event: 2296.924 Thread 0x000001fbe6936800 redefined class name=com.acro.xrm.dto.CommandDTO, count=1
Event: 2296.930 Thread 0x000001fbe6936800 redefined class name=com.acro.xrm.dto.ExcelDTO, count=1
Event: 2296.938 Thread 0x000001fbe6936800 redefined class name=com.acro.xrm.utils.BundleReader, count=1

Internal exceptions (10 events):
Event: 30.644 Thread 0x000001fbc4984800 Implicit null exception at 0x000001fbd847c0f7 to 0x000001fbd847c729
Event: 31.832 Thread 0x000001fbc4984800 Exception <a 'java/lang/NoSuchMethodError'{0x00000000a6923030}: java.lang.Object.lambda$union$1(Ljava/util/regex/Pattern$CharPredicate;I)Z> (0x00000000a6923030) thrown at [t:/workspace/hotspot/src/share/vm/interpreter/linkResolver.cpp, line 731]
Event: 31.846 Thread 0x000001fbc4984800 Exception <a 'java/lang/NoSuchMethodError'{0x00000000a699b750}: java.lang.invoke.DirectMethodHandle$Holder.invokeStatic(Ljava/lang/Object;Ljava/lang/Object;Ljava/lang/Object;Ljava/lang/Object;Ljava/lang/Object;Ljava/lang/Object;Ljava/lang/Object;Ljava/lan
Event: 31.849 Thread 0x000001fbc4984800 Exception <a 'java/lang/NoSuchMethodError'{0x00000000a69aa0f8}: java.lang.invoke.DirectMethodHandle$Holder.invokeStatic(Ljava/lang/Object;Ljava/lang/Object;Ljava/lang/Object;Ljava/lang/Object;Ljava/lang/Object;Ljava/lang/Object;Ljava/lang/Object;Ljava/lan
Event: 31.853 Thread 0x000001fbc4984800 Exception <a 'java/lang/NoSuchMethodError'{0x00000000a69b8f88}: method resolution failed> (0x00000000a69b8f88) thrown at [t:/workspace/hotspot/src/share/vm/prims/methodHandles.cpp, line 1256]
Event: 787.198 Thread 0x000001fbc4984800 Exception <a 'java/lang/NoSuchMethodError'{0x00000000a5f40080}: java.lang.invoke.DirectMethodHandle$Holder.invokeStatic(Ljava/lang/Object;Ljava/lang/Object;Ljava/lang/Object;Ljava/lang/Object;Ljava/lang/Object;Ljava/lang/Object;Ljava/lang/Object;Ljava/lan
Event: 787.456 Thread 0x000001fbc4984800 Exception <a 'java/lang/NoSuchMethodError'{0x00000000a5f5a4b0}: java.lang.invoke.DirectMethodHandle$Holder.invokeStatic(Ljava/lang/Object;Ljava/lang/Object;Ljava/lang/Object;Ljava/lang/Object;Ljava/lang/Object;Ljava/lang/Object;Ljava/lang/Object;Ljava/lan
Event: 787.672 Thread 0x000001fbc4984800 Exception <a 'java/lang/NoSuchMethodError'{0x00000000a5f75740}: java.lang.invoke.DirectMethodHandle$Holder.invokeStatic(Ljava/lang/Object;Ljava/lang/Object;Ljava/lang/Object;Ljava/lang/Object;Ljava/lang/Object;Ljava/lang/Object;Ljava/lang/Object;Ljava/lan
Event: 1859.713 Thread 0x000001fbc4984800 Exception <a 'java/lang/NoSuchMethodError'{0x00000000a5e31160}: java.lang.invoke.DirectMethodHandle$Holder.invokeSpecial(Ljava/lang/Object;Ljava/lang/Object;IILjava/lang/Object;Ljava/lang/Object;Ljava/lang/Object;Ljava/lang/Object;Ljava/lang/Object;)Ljava
Event: 1859.715 Thread 0x000001fbc4984800 Exception <a 'java/lang/NoSuchMethodError'{0x00000000a5e34c50}: java.lang.invoke.DelegatingMethodHandle$Holder.reinvoke_L(Ljava/lang/Object;IILjava/lang/Object;Ljava/lang/Object;Ljava/lang/Object;Ljava/lang/Object;Ljava/lang/Object;)Ljava/lang/Object;> (0

Events (10 events):
Event: 2296.947 Executing VM operation: GetOwnedMonitorInfo done
Event: 2296.955 Executing VM operation: GetFrameCount
Event: 2296.955 Executing VM operation: GetFrameCount done
Event: 2296.956 Executing VM operation: GetOwnedMonitorInfo
Event: 2296.956 Executing VM operation: GetOwnedMonitorInfo done
Event: 2296.956 Executing VM operation: GetCurrentContendedMonitor
Event: 2296.956 Executing VM operation: GetCurrentContendedMonitor done
Event: 2297.029 Executing VM operation: GetFrameLocation
Event: 2297.029 Executing VM operation: GetFrameLocation done
Event: 2297.029 Executing VM operation: GetOrSetLocal


Dynamic libraries:
0x00007ff76a880000 - 0x00007ff76a8be000 	C:\Program Files\Java\jdk-9.0.4\bin\javaw.exe
0x00007ffce2620000 - 0x00007ffce2810000 	C:\WINDOWS\SYSTEM32\ntdll.dll
0x00007ffce1b80000 - 0x00007ffce1c32000 	C:\WINDOWS\System32\KERNEL32.DLL
0x00007ffcdf9b0000 - 0x00007ffcdfc53000 	C:\WINDOWS\System32\KERNELBASE.dll
0x000000005ffc0000 - 0x0000000060053000 	C:\WINDOWS\System32\SYSFER.DLL
0x00007ffce0830000 - 0x00007ffce08d3000 	C:\WINDOWS\System32\ADVAPI32.dll
0x00007ffce18f0000 - 0x00007ffce198e000 	C:\WINDOWS\System32\msvcrt.dll
0x00007ffce08e0000 - 0x00007ffce0977000 	C:\WINDOWS\System32\sechost.dll
0x00007ffce2460000 - 0x00007ffce2580000 	C:\WINDOWS\System32\RPCRT4.dll
0x00007ffce1cc0000 - 0x00007ffce1e54000 	C:\WINDOWS\System32\USER32.dll
0x00007ffcdf5b0000 - 0x00007ffcdf5d1000 	C:\WINDOWS\System32\win32u.dll
0x00007ffce1090000 - 0x00007ffce10b6000 	C:\WINDOWS\System32\GDI32.dll
0x00007ffcdfc60000 - 0x00007ffcdfdf4000 	C:\WINDOWS\System32\gdi32full.dll
0x00007ffcdfe00000 - 0x00007ffcdfe9e000 	C:\WINDOWS\System32\msvcp_win.dll
0x00007ffcdf5e0000 - 0x00007ffcdf6da000 	C:\WINDOWS\System32\ucrtbase.dll
0x00007ffcceb70000 - 0x00007ffccedf5000 	C:\WINDOWS\WinSxS\amd64_microsoft.windows.common-controls_6595b64144ccf1df_6.0.18362.592_none_e6c0b1911312be02\COMCTL32.dll
0x00007ffcd3c30000 - 0x00007ffcd3c3a000 	C:\WINDOWS\SYSTEM32\VERSION.dll
0x00007ffce2120000 - 0x00007ffce2456000 	C:\WINDOWS\System32\combase.dll
0x00007ffcdf790000 - 0x00007ffcdf810000 	C:\WINDOWS\System32\bcryptPrimitives.dll
0x00007ffce20f0000 - 0x00007ffce211e000 	C:\WINDOWS\System32\IMM32.DLL
0x00007ffcb2180000 - 0x00007ffcb226f000 	C:\Program Files\Java\jdk-9.0.4\bin\msvcr120.dll
0x00007ffcb16b0000 - 0x00007ffcb1756000 	C:\Program Files\Java\jdk-9.0.4\bin\msvcp120.dll
0x000000005d300000 - 0x000000005dd25000 	C:\Program Files\Java\jdk-9.0.4\bin\server\jvm.dll
0x00007ffce1b70000 - 0x00007ffce1b78000 	C:\WINDOWS\System32\PSAPI.DLL
0x00007ffccdc50000 - 0x00007ffccdc59000 	C:\WINDOWS\SYSTEM32\WSOCK32.dll
0x00007ffce0990000 - 0x00007ffce09ff000 	C:\WINDOWS\System32\WS2_32.dll
0x00007ffcdce00000 - 0x00007ffcdce24000 	C:\WINDOWS\SYSTEM32\WINMM.dll
0x00007ffcdcdb0000 - 0x00007ffcdcddd000 	C:\WINDOWS\SYSTEM32\WINMMBASE.dll
0x00007ffcdfea0000 - 0x00007ffcdfeea000 	C:\WINDOWS\System32\cfgmgr32.dll
0x00007ffccfff0000 - 0x00007ffccffff000 	C:\Program Files\Java\jdk-9.0.4\bin\verify.dll
0x00007ffcc4300000 - 0x00007ffcc4327000 	C:\Program Files\Java\jdk-9.0.4\bin\java.dll
0x00007ffcb3c60000 - 0x00007ffcb3c96000 	C:\Program Files\Java\jdk-9.0.4\bin\jdwp.dll
0x00007ffcca1f0000 - 0x00007ffcca206000 	C:\Program Files\Java\jdk-9.0.4\bin\zip.dll
0x00007ffccf270000 - 0x00007ffccf27a000 	C:\Program Files\Java\jdk-9.0.4\bin\jimage.dll
0x00007ffce1190000 - 0x00007ffce1875000 	C:\WINDOWS\System32\SHELL32.dll
0x00007ffce0780000 - 0x00007ffce0829000 	C:\WINDOWS\System32\shcore.dll
0x00007ffcdfef0000 - 0x00007ffce066f000 	C:\WINDOWS\System32\windows.storage.dll
0x00007ffcdf570000 - 0x00007ffcdf58f000 	C:\WINDOWS\System32\profapi.dll
0x00007ffcdf500000 - 0x00007ffcdf54a000 	C:\WINDOWS\System32\powrprof.dll
0x00007ffcdf4f0000 - 0x00007ffcdf500000 	C:\WINDOWS\System32\UMPDC.dll
0x00007ffce0bc0000 - 0x00007ffce0c12000 	C:\WINDOWS\System32\shlwapi.dll
0x00007ffcdf550000 - 0x00007ffcdf561000 	C:\WINDOWS\System32\kernel.appcore.dll
0x00007ffcdf810000 - 0x00007ffcdf827000 	C:\WINDOWS\System32\cryptsp.dll
0x00007ffcc5080000 - 0x00007ffcc509a000 	C:\Program Files\Java\jdk-9.0.4\bin\net.dll
0x00007ffcd5af0000 - 0x00007ffcd5be0000 	C:\WINDOWS\SYSTEM32\WINHTTP.dll
0x00007ffcded00000 - 0x00007ffcded67000 	C:\WINDOWS\system32\mswsock.dll
0x00007ffcc42a0000 - 0x00007ffcc42b1000 	C:\Program Files\Java\jdk-9.0.4\bin\nio.dll
0x00007ffccffe0000 - 0x00007ffccffea000 	C:\Program Files\Java\jdk-9.0.4\bin\dt_socket.dll
0x00007ffcdea60000 - 0x00007ffcdeb2a000 	C:\WINDOWS\SYSTEM32\DNSAPI.dll
0x00007ffce0980000 - 0x00007ffce0988000 	C:\WINDOWS\System32\NSI.dll
0x00007ffcdea10000 - 0x00007ffcdea4a000 	C:\WINDOWS\SYSTEM32\IPHLPAPI.DLL
0x00007ffcd9e80000 - 0x00007ffcd9ef7000 	C:\WINDOWS\System32\fwpuclnt.dll
0x00007ffcdf980000 - 0x00007ffcdf9a6000 	C:\WINDOWS\System32\bcrypt.dll
0x00007ffcd2ea0000 - 0x00007ffcd2eaa000 	C:\Windows\System32\rasadhlp.dll
0x00007ffcde870000 - 0x00007ffcde8a3000 	C:\WINDOWS\system32\rsaenh.dll
0x00007ffcdf410000 - 0x00007ffcdf435000 	C:\WINDOWS\SYSTEM32\USERENV.dll
0x00007ffcdeed0000 - 0x00007ffcdeedc000 	C:\WINDOWS\SYSTEM32\CRYPTBASE.dll
0x00007ffcd9e60000 - 0x00007ffcd9e76000 	C:\WINDOWS\SYSTEM32\dhcpcsvc6.DLL
0x00007ffcd8ab0000 - 0x00007ffcd8acc000 	C:\WINDOWS\SYSTEM32\dhcpcsvc.DLL
0x00007ffcc4190000 - 0x00007ffcc41b3000 	C:\Program Files\Java\jdk-9.0.4\bin\sunec.dll
0x00007ffcce530000 - 0x00007ffcce53b000 	C:\Program Files\Java\jdk-9.0.4\bin\sunmscapi.dll
0x00007ffcdf830000 - 0x00007ffcdf979000 	C:\WINDOWS\System32\CRYPT32.dll
0x00007ffcdf590000 - 0x00007ffcdf5a2000 	C:\WINDOWS\System32\MSASN1.dll
0x00007ffcc8110000 - 0x00007ffcc8304000 	C:\WINDOWS\SYSTEM32\dbghelp.dll

VM Arguments:
jvm_args: -agentlib:jdwp=transport=dt_socket,suspend=y,address=localhost:60247 -ea -Dfile.encoding=Cp1252 
java_command: org.testng.remote.RemoteTestNG -serport 60239 -protocol json -d C:\Users\rmalik\eclipse-workspace\HybridAutomation\test-output C:\Users\rmalik\AppData\Local\Temp\testng-eclipse-962004228\testng-customsuite.xml
java_class_path (initial): C:\Users\rmalik\eclipse\java-2019-09\eclipse\configuration\org.eclipse.osgi\488\0\.cp\lib\testng-remote.jar;C:\Users\rmalik\eclipse-workspace\HybridAutomation\target\test-classes;C:\Users\rmalik\eclipse-workspace\HybridAutomation\target\classes;C:\Users\rmalik\.m2\repository\org\testng\testng\6.14.3\testng-6.14.3.jar;C:\Users\rmalik\.m2\repository\com\beust\jcommander\1.72\jcommander-1.72.jar;C:\Users\rmalik\.m2\repository\org\apache-extras\beanshell\bsh\2.0b6\bsh-2.0b6.jar;C:\Users\rmalik\.m2\repository\org\seleniumhq\selenium\selenium-java\3.141.59\selenium-java-3.141.59.jar;C:\Users\rmalik\.m2\repository\org\seleniumhq\selenium\selenium-api\3.141.59\selenium-api-3.141.59.jar;C:\Users\rmalik\.m2\repository\org\seleniumhq\selenium\selenium-chrome-driver\3.141.59\selenium-chrome-driver-3.141.59.jar;C:\Users\rmalik\.m2\repository\org\seleniumhq\selenium\selenium-edge-driver\3.141.59\selenium-edge-driver-3.141.59.jar;C:\Users\rmalik\.m2\repository\org\seleniumhq\selenium\selenium-firefox-driver\3.141.59\selenium-firefox-driver-3.141.59.jar;C:\Users\rmalik\.m2\repository\org\seleniumhq\selenium\selenium-ie-driver\3.141.59\selenium-ie-driver-3.141.59.jar;C:\Users\rmalik\.m2\repository\org\seleniumhq\selenium\selenium-opera-driver\3.141.59\selenium-opera-driver-3.141.59.jar;C:\Users\rmalik\.m2\repository\org\seleniumhq\selenium\selenium-remote-driver\3.141.59\selenium-remote-driver-3.141.59.jar;C:\Users\rmalik\.m2\repository\org\seleniumhq\selenium\selenium-safari-driver\3.141.59\selenium-safari-driver-3.141.59.jar;C:\Users\rmalik\.m2\repository\org\seleniumhq\selenium\selenium-support\3.141.59\selenium-support-3.141.59.jar;C:\Users\rmalik\.m2\repository\net\bytebuddy\byte-buddy\1.8.15\byte-buddy-1.8.15.jar;C:\Users\rmalik\.m2\repository\org\apache\commons\commons-exec\1.3\commons-exec-1.3.jar;C:\Users\rmalik\.m2\repository\com\google\guava\guava\25.0-jre\guava-25.0-jre.jar;C:\Users\rmalik\.m2\repository\com\google\code\findbugs\jsr305\1.3.9\
Launcher Type: SUN_STANDARD

Logging:
Log output configuration:
#0: stdout all=warning uptime,level,tags
#1: stderr all=off uptime,level,tags

Environment Variables:
JAVA_HOME=C:\Program Files\Java\jdk-9.0.4
CLASSPATH=D:\Java7;
PATH=C:/Program Files/Java/jdk1.8.0_172/jre/bin/server;C:/Program Files/Java/jdk1.8.0_172/jre/bin;C:/Program Files/Java/jdk1.8.0_172/jre/lib/amd64;D:\Java7\bin;C:\WINDOWS\system32;C:\WINDOWS;C:\WINDOWS\System32\Wbem;C:\WINDOWS\System32\WindowsPowerShell\v1.0\;C:\Program Files\TortoiseSVN\bin;C:\Program Files\MySQL\MySQL Utilities 1.6\;C:\Program Files\dotnet\;C:\Program Files\Microsoft SQL Server\130\Tools\Binn\;C:\WINDOWS\System32\OpenSSH\;C:\Program Files (x86)\MySQL\MySQL Server 5.7\bin;C:\Program Files\Microsoft SQL Server\110\Tools\Binn\;C:\Program Files (x86)\Microsoft SDKs\TypeScript\1.0\;C:\Program Files\Microsoft SQL Server\120\Tools\Binn\;C:\Program Files (x86)\Microsoft SQL Server\100\Tools\Binn\;C:\Program Files\Microsoft SQL Server\100\Tools\Binn\;C:\Program Files\Microsoft SQL Server\100\DTS\Binn\;C:\Program Files (x86)\Microsoft SQL Server\100\Tools\Binn\VSShell\Common7\IDE\;C:\Program Files (x86)\Microsoft Visual Studio 9.0\Common7\IDE\PrivateAssemblies\;C:\Program Files (x86)\Microsoft SQL Server\100\DTS\Binn\;D:\Ant\apache-ant-1.9.13\bin;D:\apache-maven-3.6.2\bin;D:\Java7\jre;C:\Users\rmalik\AppData\Local\Microsoft\WindowsApps;C:\Users\rmalik\AppData\Local\GitHubDesktop\bin;C:\Users\rmalik\Desktop;
USERNAME=RMalik
OS=Windows_NT
PROCESSOR_IDENTIFIER=Intel64 Family 6 Model 58 Stepping 9, GenuineIntel



---------------  S Y S T E M  ---------------

OS: Windows 10 , 64 bit Build 18362 (10.0.18362.329)

CPU:total 4 (initial active 4) (2 cores per cpu, 2 threads per core) family 6 model 58 stepping 9, cmov, cx8, fxsr, mmx, sse, sse2, sse3, ssse3, sse4.1, sse4.2, popcnt, avx, aes, clmul, erms, ht, tsc, tscinvbit, tscinv

Memory: 4k page, physical 6170120k(118256k free), swap 16655880k(5927428k free)

vm_info: Java HotSpot(TM) 64-Bit Server VM (9.0.4+11) for windows-amd64 JRE (9.0.4+11), built on Dec 20 2017 02:18:54 by "mach5one" with MS VC++ 12.0 (VS2013)

END.
